This is XeTeX, Version 3.141592653-2.6-0.999995 (TeX Live 2023) (preloaded format=xelatex 2023.10.3)  6 DEC 2023 01:06
entering extended mode
 restricted \write18 enabled.
 file:line:error style messages enabled.
 %&-line parsing enabled.
**lab_report
(./lab_report.tex
LaTeX2e <2022-11-01> patch level 1
L3 programming layer <2023-02-22> (./SUSTechHomework.cls
Document Class: SUSTechHomework 2019/03/09 SUSTech Homework LaTeX class
(g:/texlive/2023/texmf-dist/tex/latex/base/article.cls
Document Class: article 2022/07/02 v1.4n Standard LaTeX document class
(g:/texlive/2023/texmf-dist/tex/latex/base/size10.clo
File: size10.clo 2022/07/02 v1.4n Standard LaTeX file (size option)
)
\c@part=\count181
\c@section=\count182
\c@subsection=\count183
\c@subsubsection=\count184
\c@paragraph=\count185
\c@subparagraph=\count186
\c@figure=\count187
\c@table=\count188
\abovecaptionskip=\skip48
\belowcaptionskip=\skip49
\bibindent=\dimen140
) (g:/texlive/2023/texmf-dist/tex/latex/newpx/newpxtext.sty
Package: newpxtext 2022/01/30 v1.504(Michael Sharpe) latex and unicode latex support for TeXGyrePagellaX
 `newpxtext' v1.504, 2022/01/30 Text macros taking advantage of TeXGyre Pagella and its extensions (msharpe) (g:/texlive/2023/texmf-dist/tex/latex/base/fontenc.sty
Package: fontenc 2021/04/29 v2.0v Standard LaTeX package
LaTeX Font Info:    Trying to load font information for T1+lmr on input line 112.
 (g:/texlive/2023/texmf-dist/tex/latex/lm/t1lmr.fd
File: t1lmr.fd 2015/05/01 v1.6.1 Font defs for Latin Modern
)) (g:/texlive/2023/texmf-dist/tex/generic/iftex/ifxetex.sty
Package: ifxetex 2019/10/25 v0.7 ifxetex legacy package. Use iftex instead.
 (g:/texlive/2023/texmf-dist/tex/generic/iftex/iftex.sty
Package: iftex 2022/02/03 v1.0f TeX engine tests
)) (g:/texlive/2023/texmf-dist/tex/generic/iftex/ifluatex.sty
Package: ifluatex 2019/10/25 v1.5 ifluatex legacy package. Use iftex instead.
) (g:/texlive/2023/texmf-dist/tex/latex/xkeyval/xkeyval.sty
Package: xkeyval 2022/06/16 v2.9 package option processing (HA)
 (g:/texlive/2023/texmf-dist/tex/generic/xkeyval/xkeyval.tex (g:/texlive/2023/texmf-dist/tex/generic/xkeyval/xkvutils.tex
\XKV@toks=\toks16
\XKV@tempa@toks=\toks17
 (g:/texlive/2023/texmf-dist/tex/generic/xkeyval/keyval.tex))
\XKV@depth=\count189
File: xkeyval.tex 2014/12/03 v2.7a key=value parser (HA)
)) (g:/texlive/2023/texmf-dist/tex/latex/etoolbox/etoolbox.sty
Package: etoolbox 2020/10/05 v2.5k e-TeX tools for LaTeX (JAW)
\etb@tempcnta=\count190
) (g:/texlive/2023/texmf-dist/tex/latex/base/textcomp.sty
Package: textcomp 2020/02/02 v2.0n Standard LaTeX package
) (g:/texlive/2023/texmf-dist/tex/generic/xstring/xstring.sty (g:/texlive/2023/texmf-dist/tex/generic/xstring/xstring.tex
\integerpart=\count191
\decimalpart=\count192
)
Package: xstring 2023/01/14 v1.85 String manipulations (CT)
) (g:/texlive/2023/texmf-dist/tex/latex/base/ifthen.sty
Package: ifthen 2022/04/13 v1.1d Standard LaTeX ifthen package (DPC)
) (g:/texlive/2023/texmf-dist/tex/latex/carlisle/scalefnt.sty)
LaTeX Font Info:    Setting zplLF sub-encoding to TS1/0 on input line 24.
LaTeX Font Info:    Setting zplTLF sub-encoding to TS1/0 on input line 24.
LaTeX Font Info:    Setting zplOsF sub-encoding to TS1/0 on input line 24.
LaTeX Font Info:    Setting zplTOsF sub-encoding to TS1/0 on input line 24.
\zpl@cnt=\count193
 (g:/texlive/2023/texmf-dist/tex/latex/fontspec/fontspec.sty (g:/texlive/2023/texmf-dist/tex/latex/l3packages/xparse/xparse.sty (g:/texlive/2023/texmf-dist/tex/latex/l3kernel/expl3.sty
Package: expl3 2023-02-22 L3 programming layer (loader) 
 (g:/texlive/2023/texmf-dist/tex/latex/l3backend/l3backend-xetex.def
File: l3backend-xetex.def 2023-01-16 L3 backend support: XeTeX
\g__graphics_track_int=\count194
\l__pdf_internal_box=\box51
\g__pdf_backend_object_int=\count195
\g__pdf_backend_annotation_int=\count196
\g__pdf_backend_link_int=\count197
))
Package: xparse 2023-02-02 L3 Experimental document command parser
)
Package: fontspec 2022/01/15 v2.8a Font selection for XeLaTeX and LuaLaTeX
 (g:/texlive/2023/texmf-dist/tex/latex/fontspec/fontspec-xetex.sty
Package: fontspec-xetex 2022/01/15 v2.8a Font selection for XeLaTeX and LuaLaTeX
\l__fontspec_script_int=\count198
\l__fontspec_language_int=\count199
\l__fontspec_strnum_int=\count266
\l__fontspec_tmp_int=\count267
\l__fontspec_tmpa_int=\count268
\l__fontspec_tmpb_int=\count269
\l__fontspec_tmpc_int=\count270
\l__fontspec_em_int=\count271
\l__fontspec_emdef_int=\count272
\l__fontspec_strong_int=\count273
\l__fontspec_strongdef_int=\count274
\l__fontspec_tmpa_dim=\dimen141
\l__fontspec_tmpb_dim=\dimen142
\l__fontspec_tmpc_dim=\dimen143
 (g:/texlive/2023/texmf-dist/tex/latex/base/fontenc.sty
Package: fontenc 2021/04/29 v2.0v Standard LaTeX package
) (g:/texlive/2023/texmf-dist/tex/latex/fontspec/fontspec.cfg)))
LaTeX Info: Redefining \textsl on input line 425.
 (g:/texlive/2023/texmf-dist/tex/latex/realscripts/realscripts.sty
Package: realscripts 2016/02/13 v0.3d Access OpenType subscripts and superscripts
\subsupersep=\dimen144
)
LaTeX Info: Redefining \textsu on input line 492.
LaTeX Info: Redefining \oldstylenums on input line 572.
LaTeX Info: Redefining \liningnums on input line 574.
) (g:/texlive/2023/texmf-dist/tex/latex/newpx/newpxmath.sty
Package: newpxmath 2021/12/04 v1.5
 `newpxmath' v1.5, 2021/12/04 Math macros based on pxfonts (msharpe) (g:/texlive/2023/texmf-dist/tex/latex/amsmath/amsmath.sty
Package: amsmath 2022/04/08 v2.17n AMS math features
\@mathmargin=\skip50

For additional information on amsmath, use the `?' option.
(g:/texlive/2023/texmf-dist/tex/latex/amsmath/amstext.sty
Package: amstext 2021/08/26 v2.01 AMS text
 (g:/texlive/2023/texmf-dist/tex/latex/amsmath/amsgen.sty
File: amsgen.sty 1999/11/30 v2.0 generic functions
\@emptytoks=\toks18
\ex@=\dimen145
)) (g:/texlive/2023/texmf-dist/tex/latex/amsmath/amsbsy.sty
Package: amsbsy 1999/11/29 v1.2d Bold Symbols
\pmbraise@=\dimen146
) (g:/texlive/2023/texmf-dist/tex/latex/amsmath/amsopn.sty
Package: amsopn 2022/04/08 v2.04 operator names
)
\inf@bad=\count275
LaTeX Info: Redefining \frac on input line 234.
\uproot@=\count276
\leftroot@=\count277
LaTeX Info: Redefining \overline on input line 399.
LaTeX Info: Redefining \colon on input line 410.
\classnum@=\count278
\DOTSCASE@=\count279
LaTeX Info: Redefining \ldots on input line 496.
LaTeX Info: Redefining \dots on input line 499.
LaTeX Info: Redefining \cdots on input line 620.
\Mathstrutbox@=\box52
\strutbox@=\box53
LaTeX Info: Redefining \big on input line 722.
LaTeX Info: Redefining \Big on input line 723.
LaTeX Info: Redefining \bigg on input line 724.
LaTeX Info: Redefining \Bigg on input line 725.
\big@size=\dimen147
LaTeX Font Info:    Redeclaring font encoding OML on input line 743.
LaTeX Font Info:    Redeclaring font encoding OMS on input line 744.
\macc@depth=\count280
LaTeX Info: Redefining \bmod on input line 905.
LaTeX Info: Redefining \pmod on input line 910.
LaTeX Info: Redefining \smash on input line 940.
LaTeX Info: Redefining \relbar on input line 970.
LaTeX Info: Redefining \Relbar on input line 971.
\c@MaxMatrixCols=\count281
\dotsspace@=\muskip16
\c@parentequation=\count282
\dspbrk@lvl=\count283
\tag@help=\toks19
\row@=\count284
\column@=\count285
\maxfields@=\count286
\andhelp@=\toks20
\eqnshift@=\dimen148
\alignsep@=\dimen149
\tagshift@=\dimen150
\tagwidth@=\dimen151
\totwidth@=\dimen152
\lineht@=\dimen153
\@envbody=\toks21
\multlinegap=\skip51
\multlinetaggap=\skip52
\mathdisplay@stack=\toks22
LaTeX Info: Redefining \[ on input line 2953.
LaTeX Info: Redefining \] on input line 2954.
) (g:/texlive/2023/texmf-dist/tex/generic/kastrup/binhex.tex) (g:/texlive/2023/texmf-dist/tex/latex/oberdiek/centernot.sty
Package: centernot 2016/05/16 v1.4 Centers the not symbol horizontally (HO)
)
\px@tA=\toks23
\px@tB=\toks24
\px@su=\read2
\px@Isdigit=\count287
LaTeX Font Info:    Redeclaring symbol font `operators' on input line 211.
LaTeX Font Info:    Overwriting symbol font `operators' in version `normal'
(Font)                  OT1/cmr/m/n --> OT1/lmr/m/n on input line 211.
LaTeX Font Info:    Overwriting symbol font `operators' in version `bold'
(Font)                  OT1/cmr/bx/n --> OT1/lmr/m/n on input line 211.
LaTeX Font Info:    Overwriting symbol font `operators' in version `bold'
(Font)                  OT1/lmr/m/n --> OT1/lmr/b/n on input line 212.
LaTeX Font Info:    Redeclaring math alphabet \mathsf on input line 215.
LaTeX Font Info:    Overwriting math alphabet `\mathsf' in version `normal'
(Font)                  OT1/cmss/m/n --> TU/lmss/m/n on input line 215.
LaTeX Font Info:    Overwriting math alphabet `\mathsf' in version `bold'
(Font)                  OT1/cmss/bx/n --> TU/lmss/m/n on input line 215.
LaTeX Font Info:    Redeclaring math alphabet \mathit on input line 216.
LaTeX Font Info:    Overwriting math alphabet `\mathit' in version `normal'
(Font)                  OT1/cmr/m/it --> OT1/lmr/m/it on input line 216.
LaTeX Font Info:    Overwriting math alphabet `\mathit' in version `bold'
(Font)                  OT1/cmr/bx/it --> OT1/lmr/m/it on input line 216.
LaTeX Font Info:    Redeclaring math alphabet \mathtt on input line 217.
LaTeX Font Info:    Overwriting math alphabet `\mathtt' in version `normal'
(Font)                  OT1/cmtt/m/n --> TU/lmtt/m/n on input line 217.
LaTeX Font Info:    Overwriting math alphabet `\mathtt' in version `bold'
(Font)                  OT1/cmtt/m/n --> TU/lmtt/m/n on input line 217.
LaTeX Font Info:    Redeclaring math alphabet \mathbf on input line 219.
LaTeX Font Info:    Overwriting math alphabet `\mathbf' in version `normal'
(Font)                  OT1/cmr/bx/n --> OT1/lmr/b/n on input line 219.
LaTeX Font Info:    Overwriting math alphabet `\mathbf' in version `bold'
(Font)                  OT1/cmr/bx/n --> OT1/lmr/b/n on input line 219.
LaTeX Font Info:    Overwriting math alphabet `\mathit' in version `bold'
(Font)                  OT1/lmr/m/it --> OT1/lmr/b/it on input line 220.
LaTeX Font Info:    Overwriting math alphabet `\mathsf' in version `bold'
(Font)                  TU/lmss/m/n --> TU/lmss/b/n on input line 222.
LaTeX Font Info:    Overwriting math alphabet `\mathtt' in version `bold'
(Font)                  TU/lmtt/m/n --> TU/lmtt/b/n on input line 223.
LaTeX Font Info:    Redeclaring symbol font `letters' on input line 234.
LaTeX Font Info:    Overwriting symbol font `letters' in version `normal'
(Font)                  OML/cmm/m/it --> OML/npxmi/m/it on input line 234.
LaTeX Font Info:    Overwriting symbol font `letters' in version `bold'
(Font)                  OML/cmm/b/it --> OML/npxmi/m/it on input line 234.
LaTeX Font Info:    Overwriting symbol font `letters' in version `bold'
(Font)                  OML/npxmi/m/it --> OML/npxmi/b/it on input line 235.
\symlettersA=\mathgroup4
LaTeX Font Info:    Overwriting symbol font `lettersA' in version `bold'
(Font)                  U/npxmia/m/it --> U/npxmia/b/it on input line 253.
LaTeX Font Info:    Redeclaring symbol font `symbols' on input line 263.
LaTeX Font Info:    Encoding `OMS' has changed to `LMS' for symbol font
(Font)              `symbols' in the math version `normal' on input line 263.
LaTeX Font Info:    Overwriting symbol font `symbols' in version `normal'
(Font)                  OMS/cmsy/m/n --> LMS/npxsy/m/n on input line 263.
LaTeX Font Info:    Encoding `OMS' has changed to `LMS' for symbol font
(Font)              `symbols' in the math version `bold' on input line 263.
LaTeX Font Info:    Overwriting symbol font `symbols' in version `bold'
(Font)                  OMS/cmsy/b/n --> LMS/npxsy/m/n on input line 263.
LaTeX Font Info:    Overwriting symbol font `symbols' in version `bold'
(Font)                  LMS/npxsy/m/n --> LMS/npxsy/b/n on input line 264.
\symAMSm=\mathgroup5
LaTeX Font Info:    Overwriting symbol font `AMSm' in version `bold'
(Font)                  U/npxsym/m/n --> U/npxsym/b/n on input line 284.
\symsymbolsC=\mathgroup6
LaTeX Font Info:    Overwriting symbol font `symbolsC' in version `bold'
(Font)                  U/npxsyc/m/n --> U/npxsyc/b/n on input line 306.
LaTeX Font Info:    Redeclaring symbol font `largesymbols' on input line 326.
LaTeX Font Info:    Encoding `OMX' has changed to `LMX' for symbol font
(Font)              `largesymbols' in the math version `normal' on input line 326.
LaTeX Font Info:    Overwriting symbol font `largesymbols' in version `normal'
(Font)                  OMX/cmex/m/n --> LMX/npxexx/m/n on input line 326.
LaTeX Font Info:    Encoding `OMX' has changed to `LMX' for symbol font
(Font)              `largesymbols' in the math version `bold' on input line 326.
LaTeX Font Info:    Overwriting symbol font `largesymbols' in version `bold'
(Font)                  OMX/cmex/m/n --> LMX/npxexx/m/n on input line 326.
LaTeX Font Info:    Overwriting symbol font `largesymbols' in version `bold'
(Font)                  LMX/npxexx/m/n --> LMX/npxexx/b/n on input line 327.
\symlargesymbolsPXA=\mathgroup7
LaTeX Font Info:    Overwriting symbol font `largesymbolsPXA' in version `bold'
(Font)                  U/npxexa/m/n --> U/npxexa/b/n on input line 334.
\px@cntz=\count288
\px@IsAlNum=\count289
\px@sbptoks=\toks25
LaTeX Font Info:    Redeclaring math delimiter \lfloor on input line 489.
LaTeX Font Info:    Redeclaring math delimiter \rfloor on input line 490.
LaTeX Font Info:    Redeclaring math delimiter \lceil on input line 491.
LaTeX Font Info:    Redeclaring math delimiter \rceil on input line 492.
LaTeX Font Info:    Redeclaring math delimiter \lbrace on input line 493.
LaTeX Font Info:    Redeclaring math delimiter \rbrace on input line 494.
LaTeX Font Info:    Redeclaring math delimiter \langle on input line 495.
LaTeX Font Info:    Redeclaring math delimiter \rangle on input line 497.
LaTeX Font Info:    Redeclaring math delimiter \arrowvert on input line 501.
LaTeX Font Info:    Redeclaring math delimiter \vert on input line 502.
LaTeX Font Info:    Redeclaring math symbol \parallel on input line 503.
LaTeX Font Info:    Redeclaring math delimiter \Arrowvert on input line 504.
LaTeX Font Info:    Redeclaring math symbol \hbar on input line 530.
LaTeX Font Info:    Redeclaring math accent \grave on input line 544.
LaTeX Font Info:    Redeclaring math accent \acute on input line 545.
LaTeX Font Info:    Redeclaring math accent \hat on input line 546.
LaTeX Font Info:    Redeclaring math accent \tilde on input line 547.
LaTeX Font Info:    Redeclaring math accent \bar on input line 548.
LaTeX Font Info:    Redeclaring math accent \breve on input line 549.
LaTeX Font Info:    Redeclaring math accent \mathring on input line 550.
LaTeX Font Info:    Redeclaring math accent \check on input line 551.
LaTeX Font Info:    Redeclaring math accent \dot on input line 555.
LaTeX Font Info:    Redeclaring math accent \ddot on input line 556.
LaTeX Font Info:    Redeclaring math accent \vec on input line 1598.
LaTeX Info: Redefining \Bbbk on input line 2175.
LaTeX Info: Redefining \not on input line 2457.
) (g:/texlive/2023/texmf-dist/tex/latex/geometry/geometry.sty
Package: geometry 2020/01/02 v5.9 Page Geometry
 (g:/texlive/2023/texmf-dist/tex/generic/iftex/ifvtex.sty
Package: ifvtex 2019/10/25 v1.7 ifvtex legacy package. Use iftex instead.
)
\Gm@cnth=\count290
\Gm@cntv=\count291
\c@Gm@tempcnt=\count292
\Gm@bindingoffset=\dimen154
\Gm@wd@mp=\dimen155
\Gm@odd@mp=\dimen156
\Gm@even@mp=\dimen157
\Gm@layoutwidth=\dimen158
\Gm@layoutheight=\dimen159
\Gm@layouthoffset=\dimen160
\Gm@layoutvoffset=\dimen161
\Gm@dimlist=\toks26
) (g:/texlive/2023/texmf-dist/tex/latex/graphics/graphicx.sty
Package: graphicx 2021/09/16 v1.2d Enhanced LaTeX Graphics (DPC,SPQR)
 (g:/texlive/2023/texmf-dist/tex/latex/graphics/graphics.sty
Package: graphics 2022/03/10 v1.4e Standard LaTeX Graphics (DPC,SPQR)
 (g:/texlive/2023/texmf-dist/tex/latex/graphics/trig.sty
Package: trig 2021/08/11 v1.11 sin cos tan (DPC)
) (g:/texlive/2023/texmf-dist/tex/latex/graphics-cfg/graphics.cfg
File: graphics.cfg 2016/06/04 v1.11 sample graphics configuration
)
Package graphics Info: Driver file: xetex.def on input line 107.
 (g:/texlive/2023/texmf-dist/tex/latex/graphics-def/xetex.def
File: xetex.def 2022/09/22 v5.0n Graphics/color driver for xetex
))
\Gin@req@height=\dimen162
\Gin@req@width=\dimen163
) (g:/texlive/2023/texmf-dist/tex/latex/listings/listings.sty
\lst@mode=\count293
\lst@gtempboxa=\box54
\lst@token=\toks27
\lst@length=\count294
\lst@currlwidth=\dimen164
\lst@column=\count295
\lst@pos=\count296
\lst@lostspace=\dimen165
\lst@width=\dimen166
\lst@newlines=\count297
\lst@lineno=\count298
\lst@maxwidth=\dimen167
 (g:/texlive/2023/texmf-dist/tex/latex/listings/lstmisc.sty
File: lstmisc.sty 2023/02/27 1.9 (Carsten Heinz)
\c@lstnumber=\count299
\lst@skipnumbers=\count300
\lst@framebox=\box55
) (g:/texlive/2023/texmf-dist/tex/latex/listings/listings.cfg
File: listings.cfg 2023/02/27 1.9 listings configuration
))
Package: listings 2023/02/27 1.9 (Carsten Heinz)
 (g:/texlive/2023/texmf-dist/tex/xelatex/xecjk/xeCJK.sty
Package: xeCJK 2022/08/05 v3.9.1 Typesetting CJK scripts with XeLaTeX
 (g:/texlive/2023/texmf-dist/tex/latex/ctex/ctexhook.sty
Package: ctexhook 2022/07/14 v2.5.10 Document and package hooks (CTEX)
Requested font "cmr10" at 0.00029pt
 -> g:/texlive/2023/texmf-dist/fonts/tfm/public/cm/cmr10.tfm
) (g:/texlive/2023/texmf-dist/tex/latex/l3packages/xtemplate/xtemplate.sty
Package: xtemplate 2023-02-02 L3 Experimental prototype document functions
\l__xtemplate_tmp_dim=\dimen168
\l__xtemplate_tmp_int=\count301
\l__xtemplate_tmp_muskip=\muskip17
\l__xtemplate_tmp_skip=\skip53
)
\l__xeCJK_tmp_int=\count302
\l__xeCJK_tmp_box=\box56
\l__xeCJK_tmp_dim=\dimen169
\l__xeCJK_tmp_skip=\skip54
\g__xeCJK_space_factor_int=\count303
\l__xeCJK_begin_int=\count304
\l__xeCJK_end_int=\count305
\c__xeCJK_CJK_class_int=\XeTeXcharclass1
\c__xeCJK_FullLeft_class_int=\XeTeXcharclass2
\c__xeCJK_FullRight_class_int=\XeTeXcharclass3
\c__xeCJK_HalfLeft_class_int=\XeTeXcharclass4
\c__xeCJK_HalfRight_class_int=\XeTeXcharclass5
\c__xeCJK_NormalSpace_class_int=\XeTeXcharclass6
\c__xeCJK_CM_class_int=\XeTeXcharclass7
\c__xeCJK_HangulJamo_class_int=\XeTeXcharclass8
\l__xeCJK_last_skip=\skip55
\c__xeCJK_none_node=\count306
\g__xeCJK_node_int=\count307
\c__xeCJK_CJK_node_dim=\dimen170
\c__xeCJK_CJK-space_node_dim=\dimen171
\c__xeCJK_default_node_dim=\dimen172
\c__xeCJK_CJK-widow_node_dim=\dimen173
\c__xeCJK_normalspace_node_dim=\dimen174
\c__xeCJK_default-space_node_skip=\skip56
\l__xeCJK_ccglue_skip=\skip57
\l__xeCJK_ecglue_skip=\skip58
\l__xeCJK_punct_kern_skip=\skip59
\l__xeCJK_indent_box=\box57
\l__xeCJK_last_penalty_int=\count308
\l__xeCJK_last_bound_dim=\dimen175
\l__xeCJK_last_kern_dim=\dimen176
\l__xeCJK_widow_penalty_int=\count309

Package xtemplate Info: Declaring object type 'xeCJK/punctuation' taking 0
(xtemplate)             argument(s) on line 2396.

\l__xeCJK_fixed_punct_width_dim=\dimen177
\l__xeCJK_mixed_punct_width_dim=\dimen178
\l__xeCJK_middle_punct_width_dim=\dimen179
\l__xeCJK_fixed_margin_width_dim=\dimen180
\l__xeCJK_mixed_margin_width_dim=\dimen181
\l__xeCJK_middle_margin_width_dim=\dimen182
\l__xeCJK_bound_punct_width_dim=\dimen183
\l__xeCJK_bound_margin_width_dim=\dimen184
\l__xeCJK_margin_minimum_dim=\dimen185
\l__xeCJK_kerning_total_width_dim=\dimen186
\l__xeCJK_same_align_margin_dim=\dimen187
\l__xeCJK_different_align_margin_dim=\dimen188
\l__xeCJK_kerning_margin_width_dim=\dimen189
\l__xeCJK_kerning_margin_minimum_dim=\dimen190
\l__xeCJK_bound_dim=\dimen191
\l__xeCJK_reverse_bound_dim=\dimen192
\l__xeCJK_margin_dim=\dimen193
\l__xeCJK_minimum_bound_dim=\dimen194
\l__xeCJK_kerning_margin_dim=\dimen195
\g__xeCJK_family_int=\count310
\l__xeCJK_fam_int=\count311
\g__xeCJK_fam_allocation_int=\count312
\l__xeCJK_verb_case_int=\count313
\l__xeCJK_verb_exspace_skip=\skip60
 (g:/texlive/2023/texmf-dist/tex/xelatex/xecjk/xeCJK-listings.sty
Package: xeCJK-listings 2022/08/05 v3.9.1 xeCJK patch file for listings
\l__xeCJK_listings_max_char_int=\count314
\l__xeCJK_listings_flag_int=\count315
) (g:/texlive/2023/texmf-dist/tex/xelatex/xecjk/xeCJK.cfg
File: xeCJK.cfg 2022/08/05 v3.9.1 Configuration file for xeCJK package
)) (g:/texlive/2023/texmf-dist/tex/latex/base/fontenc.sty
Package: fontenc 2021/04/29 v2.0v Standard LaTeX package
) (g:/texlive/2023/texmf-dist/tex/latex/fancyhdr/fancyhdr.sty
Package: fancyhdr 2022/11/09 v4.1 Extensive control of page headers and footers
\f@nch@headwidth=\skip61
\f@nch@O@elh=\skip62
\f@nch@O@erh=\skip63
\f@nch@O@olh=\skip64
\f@nch@O@orh=\skip65
\f@nch@O@elf=\skip66
\f@nch@O@erf=\skip67
\f@nch@O@olf=\skip68
\f@nch@O@orf=\skip69
) (g:/texlive/2023/texmf-dist/tex/latex/lastpage/lastpage.sty
Package: lastpage 2023/03/07 v2.0a lastpage: 2.09 or 2e? (HMM)
 (g:/texlive/2023/texmf-dist/tex/latex/lastpage/lastpage2e.sty
Package: lastpage2e 2023/03/07 v2.0a Decide which 2e lastpage version to use (HMM)
 (g:/texlive/2023/texmf-dist/tex/latex/lastpage/lastpagemodern.sty
Package: lastpagemodern 2023-03-07 v2.0a Refers to last page's name (HMM; JPG)
) 
)) (g:/texlive/2023/texmf-dist/tex/latex/booktabs/booktabs.sty
Package: booktabs 2020/01/12 v1.61803398 Publication quality tables
\heavyrulewidth=\dimen196
\lightrulewidth=\dimen197
\cmidrulewidth=\dimen198
\belowrulesep=\dimen199
\belowbottomsep=\dimen256
\aboverulesep=\dimen257
\abovetopsep=\dimen258
\cmidrulesep=\dimen259
\cmidrulekern=\dimen260
\defaultaddspace=\dimen261
\@cmidla=\count316
\@cmidlb=\count317
\@aboverulesep=\dimen262
\@belowrulesep=\dimen263
\@thisruleclass=\count318
\@lastruleclass=\count319
\@thisrulewidth=\dimen264
) (g:/texlive/2023/texmf-dist/tex/latex/parskip/parskip.sty
Package: parskip 2021-03-14 v2.0h non-zero parskip adjustments
 (g:/texlive/2023/texmf-dist/tex/latex/kvoptions/kvoptions.sty
Package: kvoptions 2022-06-15 v3.15 Key value format for package options (HO)
 (g:/texlive/2023/texmf-dist/tex/generic/ltxcmds/ltxcmds.sty
Package: ltxcmds 2020-05-10 v1.25 LaTeX kernel commands for general use (HO)
) (g:/texlive/2023/texmf-dist/tex/latex/kvsetkeys/kvsetkeys.sty
Package: kvsetkeys 2022-10-05 v1.19 Key value parser (HO)
))) (g:/texlive/2023/texmf-dist/tex/latex/hyperref/hyperref.sty
Package: hyperref 2023-02-07 v7.00v Hypertext links for LaTeX
 (g:/texlive/2023/texmf-dist/tex/generic/pdftexcmds/pdftexcmds.sty
Package: pdftexcmds 2020-06-27 v0.33 Utility functions of pdfTeX for LuaTeX (HO)
 (g:/texlive/2023/texmf-dist/tex/generic/infwarerr/infwarerr.sty
Package: infwarerr 2019/12/03 v1.5 Providing info/warning/error messages (HO)
)
Package pdftexcmds Info: \pdf@primitive is available.
Package pdftexcmds Info: \pdf@ifprimitive is available.
Package pdftexcmds Info: \pdfdraftmode not found.
) (g:/texlive/2023/texmf-dist/tex/generic/kvdefinekeys/kvdefinekeys.sty
Package: kvdefinekeys 2019-12-19 v1.6 Define keys (HO)
) (g:/texlive/2023/texmf-dist/tex/generic/pdfescape/pdfescape.sty
Package: pdfescape 2019/12/09 v1.15 Implements pdfTeX's escape features (HO)
) (g:/texlive/2023/texmf-dist/tex/latex/hycolor/hycolor.sty
Package: hycolor 2020-01-27 v1.10 Color options for hyperref/bookmark (HO)
) (g:/texlive/2023/texmf-dist/tex/latex/letltxmacro/letltxmacro.sty
Package: letltxmacro 2019/12/03 v1.6 Let assignment for LaTeX macros (HO)
) (g:/texlive/2023/texmf-dist/tex/latex/auxhook/auxhook.sty
Package: auxhook 2019-12-17 v1.6 Hooks for auxiliary files (HO)
) (g:/texlive/2023/texmf-dist/tex/latex/hyperref/nameref.sty
Package: nameref 2022-05-17 v2.50 Cross-referencing by name of section
 (g:/texlive/2023/texmf-dist/tex/latex/refcount/refcount.sty
Package: refcount 2019/12/15 v3.6 Data extraction from label references (HO)
) (g:/texlive/2023/texmf-dist/tex/generic/gettitlestring/gettitlestring.sty
Package: gettitlestring 2019/12/15 v1.6 Cleanup title references (HO)
)
\c@section@level=\count320
)
\@linkdim=\dimen265
\Hy@linkcounter=\count321
\Hy@pagecounter=\count322
 (g:/texlive/2023/texmf-dist/tex/latex/hyperref/pd1enc.def
File: pd1enc.def 2023-02-07 v7.00v Hyperref: PDFDocEncoding definition (HO)
) (g:/texlive/2023/texmf-dist/tex/generic/intcalc/intcalc.sty
Package: intcalc 2019/12/15 v1.3 Expandable calculations with integers (HO)
) (g:/texlive/2023/texmf-dist/tex/generic/etexcmds/etexcmds.sty
Package: etexcmds 2019/12/15 v1.7 Avoid name clashes with e-TeX commands (HO)
)
\Hy@SavedSpaceFactor=\count323
 (g:/texlive/2023/texmf-dist/tex/latex/hyperref/puenc.def
File: puenc.def 2023-02-07 v7.00v Hyperref: PDF Unicode definition (HO)
)
Package hyperref Info: Hyper figures OFF on input line 4177.
Package hyperref Info: Link nesting OFF on input line 4182.
Package hyperref Info: Hyper index ON on input line 4185.
Package hyperref Info: Plain pages OFF on input line 4192.
Package hyperref Info: Backreferencing OFF on input line 4197.
Package hyperref Info: Implicit mode ON; LaTeX internals redefined.
Package hyperref Info: Bookmarks ON on input line 4425.
\c@Hy@tempcnt=\count324
 (g:/texlive/2023/texmf-dist/tex/latex/url/url.sty
\Urlmuskip=\muskip18
Package: url 2013/09/16  ver 3.4  Verb mode for urls, etc.
)
LaTeX Info: Redefining \url on input line 4763.
\XeTeXLinkMargin=\dimen266
Requested font "pzdr" at 0.00002pt
 -> g:/texlive/2023/texmf-dist/fonts/tfm/adobe/zapfding/pzdr.tfm
 (g:/texlive/2023/texmf-dist/tex/generic/bitset/bitset.sty
Package: bitset 2019/12/09 v1.3 Handle bit-vector datatype (HO)
 (g:/texlive/2023/texmf-dist/tex/generic/bigintcalc/bigintcalc.sty
Package: bigintcalc 2019/12/15 v1.5 Expandable calculations on big integers (HO)
))
\Fld@menulength=\count325
\Field@Width=\dimen267
\Fld@charsize=\dimen268
Package hyperref Info: Hyper figures OFF on input line 6042.
Package hyperref Info: Link nesting OFF on input line 6047.
Package hyperref Info: Hyper index ON on input line 6050.
Package hyperref Info: backreferencing OFF on input line 6057.
Package hyperref Info: Link coloring OFF on input line 6062.
Package hyperref Info: Link coloring with OCG OFF on input line 6067.
Package hyperref Info: PDF/A mode OFF on input line 6072.
 (g:/texlive/2023/texmf-dist/tex/latex/base/atbegshi-ltx.sty
Package: atbegshi-ltx 2021/01/10 v1.0c Emulation of the original atbegshi
package with kernel methods
)
\Hy@abspage=\count326
\c@Item=\count327
\c@Hfootnote=\count328
)
Package hyperref Info: Driver (autodetected): hxetex.
 (g:/texlive/2023/texmf-dist/tex/latex/hyperref/hxetex.def
File: hxetex.def 2023-02-07 v7.00v Hyperref driver for XeTeX
 (g:/texlive/2023/texmf-dist/tex/generic/stringenc/stringenc.sty
Package: stringenc 2019/11/29 v1.12 Convert strings between diff. encodings (HO)
)
\pdfm@box=\box58
\c@Hy@AnnotLevel=\count329
\HyField@AnnotCount=\count330
\Fld@listcount=\count331
\c@bookmark@seq@number=\count332
 (g:/texlive/2023/texmf-dist/tex/latex/rerunfilecheck/rerunfilecheck.sty
Package: rerunfilecheck 2022-07-10 v1.10 Rerun checks for auxiliary files (HO)
 (g:/texlive/2023/texmf-dist/tex/latex/base/atveryend-ltx.sty
Package: atveryend-ltx 2020/08/19 v1.0a Emulation of the original atveryend package
with kernel methods
) (g:/texlive/2023/texmf-dist/tex/generic/uniquecounter/uniquecounter.sty
Package: uniquecounter 2019/12/15 v1.4 Provide unlimited unique counter (HO)
)
Package uniquecounter Info: New unique counter `rerunfilecheck' on input line 285.
)
\Hy@SectionHShift=\skip70
) (g:/texlive/2023/texmf-dist/tex/latex/xcolor/xcolor.sty
Package: xcolor 2022/06/12 v2.14 LaTeX color extensions (UK)
 (g:/texlive/2023/texmf-dist/tex/latex/graphics-cfg/color.cfg
File: color.cfg 2016/01/02 v1.6 sample color configuration
)
Package xcolor Info: Driver file: xetex.def on input line 227.
 (g:/texlive/2023/texmf-dist/tex/latex/graphics/mathcolor.ltx)
Package xcolor Info: Model `cmy' substituted by `cmy0' on input line 1353.
Package xcolor Info: Model `RGB' extended on input line 1369.
Package xcolor Info: Model `HTML' substituted by `rgb' on input line 1371.
Package xcolor Info: Model `Hsb' substituted by `hsb' on input line 1372.
Package xcolor Info: Model `tHsb' substituted by `hsb' on input line 1373.
Package xcolor Info: Model `HSB' substituted by `hsb' on input line 1374.
Package xcolor Info: Model `Gray' substituted by `gray' on input line 1375.
Package xcolor Info: Model `wave' substituted by `hsb' on input line 1376.
) (g:/texlive/2023/texmf-dist/tex/latex/inconsolata/inconsolata.sty
Package: inconsolata 2019/05/17 v1.12
 `inconsolata-zi4' v1.12, 2019/05/17 Text macros for Inconsolata (msharpe)
\zifour@ocount=\count333
) (g:/texlive/2023/texmf-dist/tex/latex/listings/lstlang1.sty
File: lstlang1.sty 2023/02/27 1.9 listings language file
)) (g:/texlive/2023/texmf-dist/tex/latex/blindtext/blindtext.sty
Package: blindtext 2012/01/06 V2.0 blindtext-Package
 (g:/texlive/2023/texmf-dist/tex/latex/tools/xspace.sty
Package: xspace 2014/10/28 v1.13 Space after command names (DPC,MH)
)
\c@blindtext=\count334
\c@Blindtext=\count335
\c@blind@countparstart=\count336
\blind@countxx=\count337
\blindtext@numBlindtext=\count338
\blind@countyy=\count339
\c@blindlist=\count340
\c@blindlistlevel=\count341
\c@blindlist@level=\count342
\blind@listitem=\count343
\c@blind@listcount=\count344
\c@blind@levelcount=\count345
\blind@mathformula=\count346
\blind@Mathformula=\count347
\c@blind@randomcount=\count348
\c@blind@randommax=\count349
\c@blind@pangramcount=\count350
\c@blind@pangrammax=\count351
) (g:/texlive/2023/texmf-dist/tex/latex/subfigure/subfigure.sty
Package: subfigure 2002/03/15 v2.1.5 subfigure package
\subfigtopskip=\skip71
\subfigcapskip=\skip72
\subfigcaptopadj=\dimen269
\subfigbottomskip=\skip73
\subfigcapmargin=\dimen270
\subfiglabelskip=\skip74
\c@subfigure=\count352
\c@lofdepth=\count353
\c@subtable=\count354
\c@lotdepth=\count355

****************************************
* Local config file subfigure.cfg used *
****************************************
(g:/texlive/2023/texmf-dist/tex/latex/subfigure/subfigure.cfg)
\subfig@top=\skip75
\subfig@bottom=\skip76
) (g:/texlive/2023/texmf-dist/tex/latex/float/float.sty
Package: float 2001/11/08 v1.3d Float enhancements (AL)
\c@float@type=\count356
\float@exts=\toks28
\float@box=\box59
\@float@everytoks=\toks29
\@floatcapt=\box60
) (g:/texlive/2023/texmf-dist/tex/latex/framed/framed.sty
Package: framed 2011/10/22 v 0.96: framed or shaded text with page breaks
\OuterFrameSep=\skip77
\fb@frw=\dimen271
\fb@frh=\dimen272
\FrameRule=\dimen273
\FrameSep=\dimen274
) (g:/texlive/2023/texmf-dist/tex/latex/extarrows/extarrows.sty
Package: extarrows 2020/03/12 v1.2.0 Some extensible arrows
) (g:/texlive/2023/texmf-dist/tex/latex/algorithms/algorithm.sty
Invalid UTF-8 byte or sequence at line 11 replaced by U+FFFD.
Package: algorithm 2009/08/24 v0.1 Document Style `algorithm' - floating environment
\@float@every@algorithm=\toks30
\c@algorithm=\count357
) (g:/texlive/2023/texmf-dist/tex/latex/algorithms/algorithmic.sty
Invalid UTF-8 byte or sequence at line 11 replaced by U+FFFD.
Package: algorithmic 2009/08/24 v0.1 Document Style `algorithmic'
\c@ALC@unique=\count358
\c@ALC@line=\count359
\c@ALC@rem=\count360
\c@ALC@depth=\count361
\ALC@tlm=\skip78
\algorithmicindent=\skip79
)
Package hyperref Info: Option `colorlinks' set `true' on input line 21.
Package hyperref Info: Option `breaklinks' set `true' on input line 21.
 (g:/texlive/2023/texmf-dist/tex/latex/newpx/TeXGyrePagellaX.fontspec)
Requested font "[TeXGyrePagellaX-Regular.otf]/OT" at 9.99997pt
 -> g:/texlive/2023/texmf-dist/fonts/opentype/public/newpx/TeXGyrePagellaX-Regular.otf
Requested font "[TeXGyrePagellaX-Regular.otf]/OT" at 10.00003pt
 -> g:/texlive/2023/texmf-dist/fonts/opentype/public/newpx/TeXGyrePagellaX-Regular.otf
Requested font "[TeXGyrePagellaX-Regular.otf]/OT:script=latn;language=dflt;" at 10.00003pt
 -> g:/texlive/2023/texmf-dist/fonts/opentype/public/newpx/TeXGyrePagellaX-Regular.otf
Requested font "[TeXGyrePagellaX-Bold.otf]/OT:script=latn;language=dflt;" at 10.00003pt
 -> g:/texlive/2023/texmf-dist/fonts/opentype/public/newpx/TeXGyrePagellaX-Bold.otf
Requested font "[TeXGyrePagellaX-Italic.otf]/OT:script=latn;language=dflt;" at 10.00003pt
 -> g:/texlive/2023/texmf-dist/fonts/opentype/public/newpx/TeXGyrePagellaX-Italic.otf
Requested font "[TeXGyrePagellaX-Slanted.otf]/OT:script=latn;language=dflt;" at 10.00003pt
 -> g:/texlive/2023/texmf-dist/fonts/opentype/public/newpx/TeXGyrePagellaX-Slanted.otf
Requested font "[TeXGyrePagellaX-BoldItalic.otf]/OT:script=latn;language=dflt;" at 10.00003pt
 -> g:/texlive/2023/texmf-dist/fonts/opentype/public/newpx/TeXGyrePagellaX-BoldItalic.otf
Requested font "[TeXGyrePagellaX-BoldSlanted.otf]/OT:script=latn;language=dflt;" at 10.00003pt
 -> g:/texlive/2023/texmf-dist/fonts/opentype/public/newpx/TeXGyrePagellaX-BoldSlanted.otf

Package fontspec Info: Font family 'TeXGyrePagellaX(0)' created for font
(fontspec)             'TeXGyrePagellaX' with options [Ligatures = TeX,Scale =
(fontspec)             1,Extension = .otf,SmallCapsFeatures={RawFeature =
(fontspec)             +pcap, },RawFeature=-ss05,Ligatures=TeX,Extension =
(fontspec)             .otf,UprightFont = TeXGyrePagellaX-Regular,BoldFont =
(fontspec)             TeXGyrePagellaX-Bold,ItalicFont =
(fontspec)             TeXGyrePagellaX-Italic,BoldItalicFont =
(fontspec)             TeXGyrePagellaX-BoldItalic,SlantedFont =
(fontspec)             TeXGyrePagellaX-Slanted,BoldSlantedFont =
(fontspec)             TeXGyrePagellaX-BoldSlanted,Numbers =
(fontspec)             {Monospaced,Lining},UprightFont = *-Regular,ItalicFont
(fontspec)             = *-Italic,SlantedFont = *-Slanted,BoldFont =
(fontspec)             *-Bold,BoldItalicFont = *-BoldItalic,BoldSlantedFont=
(fontspec)             *-BoldSlanted].
(fontspec)              
(fontspec)              This font family consists of the following NFSS
(fontspec)             series/shapes:
(fontspec)              
(fontspec)             - 'normal' (m/n) with NFSS spec.:
(fontspec)             <->s*[1]"[TeXGyrePagellaX-Regular.otf]/OT:script=latn;language=dflt;-ss05;+tnum;+lnum;mapping=tex-text;"
(fontspec)             - 'small caps'  (m/sc) with NFSS spec.:
(fontspec)             <->s*[1]"[TeXGyrePagellaX-Regular.otf]/OT:script=latn;language=dflt;-ss05;+tnum;+lnum;+smcp;+pcap;mapping=tex-text;"
(fontspec)             - 'bold' (b/n) with NFSS spec.:
(fontspec)             <->s*[1]"[TeXGyrePagellaX-Bold.otf]/OT:script=latn;language=dflt;-ss05;+tnum;+lnum;mapping=tex-text;"
(fontspec)             - 'bold small caps'  (b/sc) with NFSS spec.:
(fontspec)             <->s*[1]"[TeXGyrePagellaX-Bold.otf]/OT:script=latn;language=dflt;-ss05;+tnum;+lnum;+smcp;+pcap;mapping=tex-text;"
(fontspec)             - 'italic' (m/it) with NFSS spec.:
(fontspec)             <->s*[1]"[TeXGyrePagellaX-Italic.otf]/OT:script=latn;language=dflt;-ss05;+tnum;+lnum;mapping=tex-text;"
(fontspec)             - 'italic small caps'  (m/scit) with NFSS spec.:
(fontspec)             <->s*[1]"[TeXGyrePagellaX-Italic.otf]/OT:script=latn;language=dflt;-ss05;+tnum;+lnum;+smcp;+pcap;mapping=tex-text;"
(fontspec)             - 'slanted' (m/sl) with NFSS spec.:
(fontspec)             <->s*[1]"[TeXGyrePagellaX-Slanted.otf]/OT:script=latn;language=dflt;-ss05;+tnum;+lnum;mapping=tex-text;"
(fontspec)             - 'slanted small caps'  (m/scsl) with NFSS spec.:
(fontspec)             <->s*[1]"[TeXGyrePagellaX-Slanted.otf]/OT:script=latn;language=dflt;-ss05;+tnum;+lnum;+smcp;+pcap;mapping=tex-text;"
(fontspec)             - 'bold italic' (b/it) with NFSS spec.:
(fontspec)             <->s*[1]"[TeXGyrePagellaX-BoldItalic.otf]/OT:script=latn;language=dflt;-ss05;+tnum;+lnum;mapping=tex-text;"
(fontspec)             - 'bold italic small caps'  (b/scit) with NFSS spec.:
(fontspec)             <->s*[1]"[TeXGyrePagellaX-BoldItalic.otf]/OT:script=latn;language=dflt;-ss05;+tnum;+lnum;+smcp;+pcap;mapping=tex-text;"
(fontspec)             - 'bold slanted' (b/sl) with NFSS spec.:
(fontspec)             <->s*[1]"[TeXGyrePagellaX-BoldSlanted.otf]/OT:script=latn;language=dflt;-ss05;+tnum;+lnum;mapping=tex-text;"
(fontspec)             - 'bold slanted small caps'  (b/scsl) with NFSS spec.:
(fontspec)             <->s*[1]"[TeXGyrePagellaX-BoldSlanted.otf]/OT:script=latn;language=dflt;-ss05;+tnum;+lnum;+smcp;+pcap;mapping=tex-text;"

LaTeX Font Info:    Font shape `TU/TeXGyrePagellaX(0)/m/n' will be
(Font)              scaled to size 10.0pt on input line 23.
Requested font "[TeXGyrePagellaX-Regular.otf]/OT:script=latn;language=dflt;-ss05;+tnum;+lnum;mapping=tex-text;" at 10.0pt
 -> g:/texlive/2023/texmf-dist/fonts/opentype/public/newpx/TeXGyrePagellaX-Regular.otf


Package xeCJK Warning: Fandol is being set as the default font for CJK text.
(xeCJK)                Please make sure it has been properly installed.

Requested font "[FandolSong-Regular.otf]/OT" at 9.99997pt
 -> g:/texlive/2023/texmf-dist/fonts/opentype/public/fandol/FandolSong-Regular.otf
Requested font "[FandolSong-Regular.otf]/OT" at 10.00003pt
 -> g:/texlive/2023/texmf-dist/fonts/opentype/public/fandol/FandolSong-Regular.otf

Package fontspec Warning: Font "FandolSong-Regular" does not contain requested
(fontspec)                Script "CJK".

Requested font "[FandolSong-Regular.otf]/OT:language=dflt;" at 10.00003pt
 -> g:/texlive/2023/texmf-dist/fonts/opentype/public/fandol/FandolSong-Regular.otf
Requested font "[FandolSong-Bold.otf]/OT:language=dflt;" at 10.00003pt
 -> g:/texlive/2023/texmf-dist/fonts/opentype/public/fandol/FandolSong-Bold.otf
Requested font "[FandolKai-Regular.otf]/OT:language=dflt;" at 10.00003pt
 -> g:/texlive/2023/texmf-dist/fonts/opentype/public/fandol/FandolKai-Regular.otf

Package fontspec Info: Font family 'FandolSong-Regular(0)' created for font
(fontspec)             'FandolSong-Regular' with options [Ligatures =
(fontspec)             TeX,Scale = 1,Extension =
(fontspec)             .otf,SmallCapsFeatures={RawFeature = +pcap,
(fontspec)             },RawFeature=-ss05,Script={CJK},Extension={.otf},BoldFont={FandolSong-Bold},ItalicFont={FandolKai-Regular}].
(fontspec)              
(fontspec)              This font family consists of the following NFSS
(fontspec)             series/shapes:
(fontspec)              
(fontspec)             - 'normal' (m/n) with NFSS spec.:
(fontspec)             <->s*[1]"[FandolSong-Regular.otf]/OT:language=dflt;-ss05;mapping=tex-text;"
(fontspec)             - 'small caps'  (m/sc) with NFSS spec.: 
(fontspec)             - 'bold' (b/n) with NFSS spec.:
(fontspec)             <->s*[1]"[FandolSong-Bold.otf]/OT:language=dflt;-ss05;mapping=tex-text;"
(fontspec)             - 'bold small caps'  (b/sc) with NFSS spec.: 
(fontspec)             - 'italic' (m/it) with NFSS spec.:
(fontspec)             <->s*[1]"[FandolKai-Regular.otf]/OT:language=dflt;-ss05;mapping=tex-text;"
(fontspec)             - 'italic small caps'  (m/scit) with NFSS spec.: 

(./lab_report.aux)
\openout1 = `lab_report.aux'.

LaTeX Font Info:    Checking defaults for OML/npxmi/m/it on input line 23.
LaTeX Font Info:    Trying to load font information for OML+npxmi on input line 23.
 (g:/texlive/2023/texmf-dist/tex/latex/newpx/omlnpxmi.fd
File: omlnpxmi.fd 2013/03/21 Fontinst v1.933 font definitions for OML/npxmi.
)
LaTeX Font Info:    ... okay on input line 23.
LaTeX Font Info:    Checking defaults for OMS/cmsy/m/n on input line 23.
LaTeX Font Info:    ... okay on input line 23.
LaTeX Font Info:    Checking defaults for OT1/cmr/m/n on input line 23.
LaTeX Font Info:    ... okay on input line 23.
LaTeX Font Info:    Checking defaults for T1/cmr/m/n on input line 23.
LaTeX Font Info:    ... okay on input line 23.
LaTeX Font Info:    Checking defaults for TS1/cmr/m/n on input line 23.
LaTeX Font Info:    Trying to load font information for TS1+cmr on input line 23.
 (g:/texlive/2023/texmf-dist/tex/latex/base/ts1cmr.fd
File: ts1cmr.fd 2022/07/10 v2.5l Standard LaTeX font definitions
)
LaTeX Font Info:    ... okay on input line 23.
LaTeX Font Info:    Checking defaults for TU/lmr/m/n on input line 23.
LaTeX Font Info:    ... okay on input line 23.
LaTeX Font Info:    Checking defaults for OMX/cmex/m/n on input line 23.
LaTeX Font Info:    ... okay on input line 23.
LaTeX Font Info:    Checking defaults for U/npxexa/m/n on input line 23.
LaTeX Font Info:    Trying to load font information for U+npxexa on input line 23.
 (g:/texlive/2023/texmf-dist/tex/latex/newpx/unpxexa.fd
File: unpxexa.fd 2013/03/24 Fontinst v1.933 font definitions for U/npxexa.
)
LaTeX Font Info:    ... okay on input line 23.
LaTeX Font Info:    Checking defaults for LMS/npxsy/m/n on input line 23.
LaTeX Font Info:    Trying to load font information for LMS+npxsy on input line 23.
 (g:/texlive/2023/texmf-dist/tex/latex/newpx/lmsnpxsy.fd
File: lmsnpxsy.fd 2016/07/04 Fontinst v1.933 font definitions for LMS/npxsy.
)
LaTeX Font Info:    ... okay on input line 23.
LaTeX Font Info:    Checking defaults for LMX/npxexx/m/n on input line 23.
LaTeX Font Info:    Trying to load font information for LMX+npxexx on input line 23.
 (g:/texlive/2023/texmf-dist/tex/latex/newpx/lmxnpxexx.fd
File: lmxnpxexx.fd 2016/07/04 Fontinst v1.933 font definitions for LMX/npxexx.
)
LaTeX Font Info:    ... okay on input line 23.
LaTeX Font Info:    Checking defaults for PD1/pdf/m/n on input line 23.
LaTeX Font Info:    ... okay on input line 23.
LaTeX Font Info:    Checking defaults for PU/pdf/m/n on input line 23.
LaTeX Font Info:    ... okay on input line 23.
LaTeX Info: Command `\dddot' is already robust on input line 23.
LaTeX Info: Command `\ddddot' is already robust on input line 23.

*geometry* driver: auto-detecting
*geometry* detected driver: xetex
*geometry* verbose mode - [ preamble ] result:
* driver: xetex
* paper: <default>
* layout: <same size as paper>
* layoutoffset:(h,v)=(0.0pt,0.0pt)
* bindingoffset: 10.84006pt
* modes: 
* h-part:(L,W,R)=(61.42993pt, 463.80795pt, 61.42993pt)
* v-part:(T,H,B)=(72.26999pt, 714.96065pt, 57.81621pt)
* \paperwidth=597.50787pt
* \paperheight=845.04684pt
* \textwidth=463.80795pt
* \textheight=714.96065pt
* \oddsidemargin=0.0pt
* \evensidemargin=-10.84006pt
* \topmargin=-37.0pt
* \headheight=12.0pt
* \headsep=25.0pt
* \topskip=10.0pt
* \footskip=30.0pt
* \marginparwidth=57.0pt
* \marginparsep=11.0pt
* \columnsep=10.0pt
* \skip\footins=9.0pt plus 4.0pt minus 2.0pt
* \hoffset=0.0pt
* \voffset=0.0pt
* \mag=1000
* \@twocolumnfalse
* \@twosidefalse
* \@mparswitchfalse
* \@reversemarginfalse
* (1in=72.27pt=25.4mm, 1cm=28.453pt)

\c@lstlisting=\count362
Package hyperref Info: Link coloring ON on input line 23.
(./lab_report.out) (./lab_report.out)
\@outlinefile=\write3
\openout3 = `lab_report.out'.

 (g:/texlive/2023/texmf-dist/tex/latex/upquote/upquote.sty
Package: upquote 2012/04/19 v1.3 upright-quote and grave-accent glyphs in verbatim
)
LaTeX Font Info:    Font shape `TU/TeXGyrePagellaX(0)/m/n' will be
(Font)              scaled to size 14.4pt on input line 30.
Requested font "[TeXGyrePagellaX-Regular.otf]/OT:script=latn;language=dflt;-ss05;+tnum;+lnum;mapping=tex-text;" at 14.4pt
 -> g:/texlive/2023/texmf-dist/fonts/opentype/public/newpx/TeXGyrePagellaX-Regular.otf
Requested font "[FandolHei-Regular.otf]/OT" at 14.39996pt
 -> g:/texlive/2023/texmf-dist/fonts/opentype/public/fandol/FandolHei-Regular.otf
Requested font "[FandolHei-Regular.otf]/OT" at 14.40002pt
 -> g:/texlive/2023/texmf-dist/fonts/opentype/public/fandol/FandolHei-Regular.otf


Package fontspec Warning: Font "FandolHei-Regular" does not contain requested
(fontspec)                Script "CJK".

Requested font "[FandolHei-Regular.otf]/OT:language=dflt;" at 14.40002pt
 -> g:/texlive/2023/texmf-dist/fonts/opentype/public/fandol/FandolHei-Regular.otf
Requested font "[lmsans10-regular]:mapping=tex-text;" at 10.0pt
 -> g:/texlive/2023/texmf-dist/fonts/opentype/public/lm/lmsans10-regular.otf
Requested font "[FandolHei-Bold.otf]/OT:language=dflt;" at 14.40002pt
 -> g:/texlive/2023/texmf-dist/fonts/opentype/public/fandol/FandolHei-Bold.otf

Package fontspec Info: Font family 'FandolHei-Regular(0)' created for font
(fontspec)             'FandolHei-Regular' with options [Ligatures = TeX,Scale
(fontspec)             = 1,Extension = .otf,SmallCapsFeatures={RawFeature =
(fontspec)             +pcap,
(fontspec)             },RawFeature=-ss05,Script={CJK},Extension={.otf},BoldFont={FandolHei-Bold}].
(fontspec)              
(fontspec)              This font family consists of the following NFSS
(fontspec)             series/shapes:
(fontspec)              
(fontspec)             - 'normal' (m/n) with NFSS spec.:
(fontspec)             <->s*[1]"[FandolHei-Regular.otf]/OT:language=dflt;-ss05;mapping=tex-text;"
(fontspec)             - 'small caps'  (m/sc) with NFSS spec.: 
(fontspec)             - 'bold' (b/n) with NFSS spec.:
(fontspec)             <->s*[1]"[FandolHei-Bold.otf]/OT:language=dflt;-ss05;mapping=tex-text;"
(fontspec)             - 'bold small caps'  (b/sc) with NFSS spec.: 

Requested font "[lmsans12-regular]:mapping=tex-text;" at 14.4pt
 -> g:/texlive/2023/texmf-dist/fonts/opentype/public/lm/lmsans12-regular.otf
LaTeX Font Info:    Trying to load font information for OT1+lmr on input line 30.
(g:/texlive/2023/texmf-dist/tex/latex/lm/ot1lmr.fd
File: ot1lmr.fd 2015/05/01 v1.6.1 Font defs for Latin Modern
)
Requested font "rm-lmr12" at 14.4pt
 -> g:/texlive/2023/texmf-dist/fonts/tfm/public/lm/rm-lmr12.tfm
Requested font "rm-lmr10" at 10.5pt
 -> g:/texlive/2023/texmf-dist/fonts/tfm/public/lm/rm-lmr10.tfm
Requested font "rm-lmr8" at 7.9pt
 -> g:/texlive/2023/texmf-dist/fonts/tfm/public/lm/rm-lmr8.tfm
Requested font "zplmi" at 14.4pt
 -> g:/texlive/2023/texmf-dist/fonts/tfm/public/newpx/zplmi.tfm
Requested font "zplmi" at 10.5pt
 -> g:/texlive/2023/texmf-dist/fonts/tfm/public/newpx/zplmi.tfm
Requested font "zplmi" at 7.9pt
 -> g:/texlive/2023/texmf-dist/fonts/tfm/public/newpx/zplmi.tfm
Requested font "zplsy" at 14.4pt
 -> g:/texlive/2023/texmf-dist/fonts/tfm/public/newpx/zplsy.tfm
Requested font "zplsy" at 10.5pt
 -> g:/texlive/2023/texmf-dist/fonts/tfm/public/newpx/zplsy.tfm
Requested font "zplsy" at 7.9pt
 -> g:/texlive/2023/texmf-dist/fonts/tfm/public/newpx/zplsy.tfm
Requested font "zplexx" at 14.4pt
 -> g:/texlive/2023/texmf-dist/fonts/tfm/public/newpx/zplexx.tfm
Requested font "zplexx" at 10.5pt
 -> g:/texlive/2023/texmf-dist/fonts/tfm/public/newpx/zplexx.tfm
Requested font "zplexx" at 7.9pt
 -> g:/texlive/2023/texmf-dist/fonts/tfm/public/newpx/zplexx.tfm
LaTeX Font Info:    Trying to load font information for U+npxmia on input line 30.
 (g:/texlive/2023/texmf-dist/tex/latex/newpx/unpxmia.fd
File: unpxmia.fd 2013/03/24 Fontinst v1.933 font definitions for U/npxmia.
)
Requested font "zplmia" at 14.4pt
 -> g:/texlive/2023/texmf-dist/fonts/tfm/public/newpx/zplmia.tfm
Requested font "zplmia" at 10.5pt
 -> g:/texlive/2023/texmf-dist/fonts/tfm/public/newpx/zplmia.tfm
Requested font "zplmia" at 7.9pt
 -> g:/texlive/2023/texmf-dist/fonts/tfm/public/newpx/zplmia.tfm
LaTeX Font Info:    Trying to load font information for U+npxsym on input line 30.
 (g:/texlive/2023/texmf-dist/tex/latex/newpx/unpxsym.fd
File: unpxsym.fd 2015/03/21 Fontinst v1.933 font definitions for U/npxsym.
)
Requested font "zplsym" at 14.4pt
 -> g:/texlive/2023/texmf-dist/fonts/tfm/public/newpx/zplsym.tfm
Requested font "zplsym" at 10.5pt
 -> g:/texlive/2023/texmf-dist/fonts/tfm/public/newpx/zplsym.tfm
Requested font "zplsym" at 7.9pt
 -> g:/texlive/2023/texmf-dist/fonts/tfm/public/newpx/zplsym.tfm
LaTeX Font Info:    Trying to load font information for U+npxsyc on input line 30.
 (g:/texlive/2023/texmf-dist/tex/latex/newpx/unpxsyc.fd
File: unpxsyc.fd 2013/03/24 Fontinst v1.933 font definitions for U/npxsyc.
)
Requested font "zplsyc" at 14.4pt
 -> g:/texlive/2023/texmf-dist/fonts/tfm/public/newpx/zplsyc.tfm
Requested font "zplsyc" at 10.5pt
 -> g:/texlive/2023/texmf-dist/fonts/tfm/public/newpx/zplsyc.tfm
Requested font "zplsyc" at 7.9pt
 -> g:/texlive/2023/texmf-dist/fonts/tfm/public/newpx/zplsyc.tfm
Requested font "zplexa" at 14.4pt
 -> g:/texlive/2023/texmf-dist/fonts/tfm/public/newpx/zplexa.tfm
Requested font "zplexa" at 10.5pt
 -> g:/texlive/2023/texmf-dist/fonts/tfm/public/newpx/zplexa.tfm
Requested font "zplexa" at 7.9pt
 -> g:/texlive/2023/texmf-dist/fonts/tfm/public/newpx/zplexa.tfm
LaTeX Font Info:    Font shape `TU/TeXGyrePagellaX(0)/m/n' will be
(Font)              scaled to size 24.88pt on input line 30.
Requested font "[TeXGyrePagellaX-Regular.otf]/OT:script=latn;language=dflt;-ss05;+tnum;+lnum;mapping=tex-text;" at 24.88pt
 -> g:/texlive/2023/texmf-dist/fonts/opentype/public/newpx/TeXGyrePagellaX-Regular.otf
LaTeX Font Info:    Font shape `TU/TeXGyrePagellaX(0)/b/n' will be
(Font)              scaled to size 24.88pt on input line 30.
Requested font "[TeXGyrePagellaX-Bold.otf]/OT:script=latn;language=dflt;-ss05;+tnum;+lnum;mapping=tex-text;" at 24.88pt
 -> g:/texlive/2023/texmf-dist/fonts/opentype/public/newpx/TeXGyrePagellaX-Bold.otf

Underfull \hbox (badness 10000) in paragraph at lines 30--30

 []


Underfull \hbox (badness 1721) in paragraph at lines 30--30
\TU/TeXGyrePagellaX(0)/b/n/24.88 Laboratory 5: Fast Fourier
 []

LaTeX Font Info:    Font shape `TU/TeXGyrePagellaX(0)/m/n' will be
(Font)              scaled to size 12.0pt on input line 30.
Requested font "[TeXGyrePagellaX-Regular.otf]/OT:script=latn;language=dflt;-ss05;+tnum;+lnum;mapping=tex-text;" at 12.0pt
 -> g:/texlive/2023/texmf-dist/fonts/opentype/public/newpx/TeXGyrePagellaX-Regular.otf
LaTeX Font Info:    Font shape `TU/FandolSong-Regular(0)/m/n' will be
(Font)              scaled to size 12.0pt on input line 30.
Requested font "[FandolSong-Regular.otf]/OT:language=dflt;-ss05;mapping=tex-text;" at 12.0pt
 -> g:/texlive/2023/texmf-dist/fonts/opentype/public/fandol/FandolSong-Regular.otf

Underfull \hbox (badness 10000) in paragraph at lines 30--31

 []

LaTeX Font Info:    Font shape `TU/TeXGyrePagellaX(0)/b/n' will be
(Font)              scaled to size 14.4pt on input line 32.
Requested font "[TeXGyrePagellaX-Bold.otf]/OT:script=latn;language=dflt;-ss05;+tnum;+lnum;mapping=tex-text;" at 14.4pt
 -> g:/texlive/2023/texmf-dist/fonts/opentype/public/newpx/TeXGyrePagellaX-Bold.otf
LaTeX Font Info:    Font shape `TU/TeXGyrePagellaX(0)/b/n' will be
(Font)              scaled to size 12.0pt on input line 47.
Requested font "[TeXGyrePagellaX-Bold.otf]/OT:script=latn;language=dflt;-ss05;+tnum;+lnum;mapping=tex-text;" at 12.0pt
 -> g:/texlive/2023/texmf-dist/fonts/opentype/public/newpx/TeXGyrePagellaX-Bold.otf
LaTeX Font Info:    Font shape `TU/TeXGyrePagellaX(0)/b/n' will be
(Font)              scaled to size 10.0pt on input line 48.
Requested font "[TeXGyrePagellaX-Bold.otf]/OT:script=latn;language=dflt;-ss05;+tnum;+lnum;mapping=tex-text;" at 10.0pt
 -> g:/texlive/2023/texmf-dist/fonts/opentype/public/newpx/TeXGyrePagellaX-Bold.otf
Requested font "rm-lmr10" at 10.0pt
 -> g:/texlive/2023/texmf-dist/fonts/tfm/public/lm/rm-lmr10.tfm
Requested font "rm-lmr7" at 7.3pt
 -> g:/texlive/2023/texmf-dist/fonts/tfm/public/lm/rm-lmr7.tfm
Requested font "rm-lmr6" at 5.5pt
 -> g:/texlive/2023/texmf-dist/fonts/tfm/public/lm/rm-lmr6.tfm
Requested font "zplmi" at 10.0pt
 -> g:/texlive/2023/texmf-dist/fonts/tfm/public/newpx/zplmi.tfm
Requested font "zplmi" at 7.3pt
 -> g:/texlive/2023/texmf-dist/fonts/tfm/public/newpx/zplmi.tfm
Requested font "zplmi" at 5.5pt
 -> g:/texlive/2023/texmf-dist/fonts/tfm/public/newpx/zplmi.tfm
Requested font "zplsy" at 10.0pt
 -> g:/texlive/2023/texmf-dist/fonts/tfm/public/newpx/zplsy.tfm
Requested font "zplsy" at 7.3pt
 -> g:/texlive/2023/texmf-dist/fonts/tfm/public/newpx/zplsy.tfm
Requested font "zplsy" at 5.5pt
 -> g:/texlive/2023/texmf-dist/fonts/tfm/public/newpx/zplsy.tfm
Requested font "zplexx" at 10.0pt
 -> g:/texlive/2023/texmf-dist/fonts/tfm/public/newpx/zplexx.tfm
Requested font "zplexx" at 7.3pt
 -> g:/texlive/2023/texmf-dist/fonts/tfm/public/newpx/zplexx.tfm
Requested font "zplexx" at 5.5pt
 -> g:/texlive/2023/texmf-dist/fonts/tfm/public/newpx/zplexx.tfm
Requested font "zplmia" at 10.0pt
 -> g:/texlive/2023/texmf-dist/fonts/tfm/public/newpx/zplmia.tfm
Requested font "zplmia" at 7.3pt
 -> g:/texlive/2023/texmf-dist/fonts/tfm/public/newpx/zplmia.tfm
Requested font "zplmia" at 5.5pt
 -> g:/texlive/2023/texmf-dist/fonts/tfm/public/newpx/zplmia.tfm
Requested font "zplsym" at 10.0pt
 -> g:/texlive/2023/texmf-dist/fonts/tfm/public/newpx/zplsym.tfm
Requested font "zplsym" at 7.3pt
 -> g:/texlive/2023/texmf-dist/fonts/tfm/public/newpx/zplsym.tfm
Requested font "zplsym" at 5.5pt
 -> g:/texlive/2023/texmf-dist/fonts/tfm/public/newpx/zplsym.tfm
Requested font "zplsyc" at 10.0pt
 -> g:/texlive/2023/texmf-dist/fonts/tfm/public/newpx/zplsyc.tfm
Requested font "zplsyc" at 7.3pt
 -> g:/texlive/2023/texmf-dist/fonts/tfm/public/newpx/zplsyc.tfm
Requested font "zplsyc" at 5.5pt
 -> g:/texlive/2023/texmf-dist/fonts/tfm/public/newpx/zplsyc.tfm
Requested font "zplexa" at 10.0pt
 -> g:/texlive/2023/texmf-dist/fonts/tfm/public/newpx/zplexa.tfm
Requested font "zplexa" at 7.3pt
 -> g:/texlive/2023/texmf-dist/fonts/tfm/public/newpx/zplexa.tfm
Requested font "zplexa" at 5.5pt
 -> g:/texlive/2023/texmf-dist/fonts/tfm/public/newpx/zplexa.tfm
LaTeX Font Info:    Font shape `TU/TeXGyrePagellaX(0)/m/it' will be
(Font)              scaled to size 10.0pt on input line 53.
Requested font "[TeXGyrePagellaX-Italic.otf]/OT:script=latn;language=dflt;-ss05;+tnum;+lnum;mapping=tex-text;" at 10.0pt
 -> g:/texlive/2023/texmf-dist/fonts/opentype/public/newpx/TeXGyrePagellaX-Italic.otf
Requested font "[FandolFang-Regular.otf]/OT" at 9.99997pt
 -> g:/texlive/2023/texmf-dist/fonts/opentype/public/fandol/FandolFang-Regular.otf
Requested font "[FandolFang-Regular.otf]/OT" at 10.00003pt
 -> g:/texlive/2023/texmf-dist/fonts/opentype/public/fandol/FandolFang-Regular.otf

Package fontspec Warning: Font "FandolFang-Regular" does not contain requested
(fontspec)                Script "CJK".

Requested font "[FandolFang-Regular.otf]/OT:language=dflt;" at 10.00003pt
 -> g:/texlive/2023/texmf-dist/fonts/opentype/public/fandol/FandolFang-Regular.otf
LaTeX Font Info:    Trying to load font information for TU+zi4 on input line 59.
LaTeX Font Info:    No file TUzi4.fd. on input line 59.

LaTeX Font Warning: Font shape `TU/zi4/m/n' undefined
(Font)              using `TU/lmr/m/n' instead on input line 59.


Package fontspec Info: Font family 'FandolFang-Regular(0)' created for font
(fontspec)             'FandolFang-Regular' with options [Ligatures =
(fontspec)             TeX,Scale = 1,Extension =
(fontspec)             .otf,SmallCapsFeatures={RawFeature = +pcap,
(fontspec)             },RawFeature=-ss05,Script={CJK},Extension={.otf}].
(fontspec)              
(fontspec)              This font family consists of the following NFSS
(fontspec)             series/shapes:
(fontspec)              
(fontspec)             - 'normal' (m/n) with NFSS spec.:
(fontspec)             <->s*[1]"[FandolFang-Regular.otf]/OT:language=dflt;-ss05;mapping=tex-text;"
(fontspec)             - 'small caps'  (m/sc) with NFSS spec.: 

File: pictures/X20k.eps Graphic file (type eps)
<pictures/X20k.eps>
[1

]
File: pictures/fig2.eps Graphic file (type eps)
<pictures/fig2.eps>
LaTeX Font Info:    Font shape `TU/TeXGyrePagellaX(0)/m/sc' will be
(Font)              scaled to size 10.0pt on input line 104.
Requested font "[TeXGyrePagellaX-Regular.otf]/OT:script=latn;language=dflt;-ss05;+tnum;+lnum;+smcp;+pcap;mapping=tex-text;" at 10.0pt
 -> g:/texlive/2023/texmf-dist/fonts/opentype/public/newpx/TeXGyrePagellaX-Regular.otf


LaTeX Font Warning: Font shape `TU/FandolSong-Regular(0)/m/sc' undefined
(Font)              using `TU/FandolSong-Regular(0)/m/n' instead on input line 104.

LaTeX Font Info:    Font shape `TU/FandolSong-Regular(0)/m/n' will be
(Font)              scaled to size 10.0pt on input line 104.
Requested font "[FandolSong-Regular.otf]/OT:language=dflt;-ss05;mapping=tex-text;" at 10.0pt
 -> g:/texlive/2023/texmf-dist/fonts/opentype/public/fandol/FandolSong-Regular.otf
[2]
LaTeX Font Info:    Font shape `TU/TeXGyrePagellaX(0)/m/n' will be
(Font)              scaled to size 7.3pt on input line 117.
Requested font "[TeXGyrePagellaX-Regular.otf]/OT:script=latn;language=dflt;-ss05;+tnum;+lnum;mapping=tex-text;" at 7.3pt
 -> g:/texlive/2023/texmf-dist/fonts/opentype/public/newpx/TeXGyrePagellaX-Regular.otf
LaTeX Font Info:    Font shape `TU/TeXGyrePagellaX(0)/m/n' will be
(Font)              scaled to size 5.5pt on input line 117.
Requested font "[TeXGyrePagellaX-Regular.otf]/OT:script=latn;language=dflt;-ss05;+tnum;+lnum;mapping=tex-text;" at 5.5pt
 -> g:/texlive/2023/texmf-dist/fonts/opentype/public/newpx/TeXGyrePagellaX-Regular.otf
 [3]
File: pictures/q5_2_2_N50.eps Graphic file (type eps)
<pictures/q5_2_2_N50.eps>
File: pictures/q5_2_2_N200.eps Graphic file (type eps)
<pictures/q5_2_2_N200.eps>
 [4]
File: pictures/dcDFT.png Graphic file (type bmp)
<pictures/dcDFT.png>
 [5] [6]
File: pictures/q5_3_1.eps Graphic file (type eps)
<pictures/q5_3_1.eps>

Overfull \hbox (19.88889pt too wide) in paragraph at lines 249--250
 [][] 
 []

[7]
Missing character: There is no  (U+1D441) in font [TeXGyrePagellaX-Regular.otf]/OT:script=latn;language=dflt;-ss05;+tnum;+lnum;mapping=tex-text;!

Overfull \hbox (8.1313pt too wide) in paragraph at lines 257--259
[]\TU/TeXGyrePagellaX(0)/m/n/10 The number of multiplies that are required in this approach to computing an  point DFT:(Consider
 []

File: pictures/8fft.png Graphic file (type bmp)
<pictures/8fft.png>

Overfull \hbox (19.88889pt too wide) in paragraph at lines 273--274
 [][] 
 []

File: pictures/FFT_strategy.png Graphic file (type bmp)
<pictures/FFT_strategy.png>

Overfull \hbox (19.88889pt too wide) in paragraph at lines 279--280
 [][] 
 []

[8]
Overfull \hbox (11.79999pt too wide) in paragraph at lines 337--338
 [][][] 
 []


Overfull \hbox (11.79999pt too wide) in paragraph at lines 357--358
 [][][] 
 []

[9]
Overfull \hbox (11.79999pt too wide) in paragraph at lines 376--377
 [][][] 
 []

File: pictures/q5_3_2a.eps Graphic file (type eps)
<pictures/q5_3_2a.eps>

Overfull \hbox (19.88889pt too wide) in paragraph at lines 403--404
 [][] 
 []

[10]
Overfull \hbox (13.68369pt too wide) in paragraph at lines 414--415
\LMS/npxsy/m/n/10 ^^@\OT1/lmr/m/n/10 1$ \TU/TeXGyrePagellaX(0)/m/n/10 in above Strategy 2. In brief, the number of multiplications could be expressed as $[] [] \LMS/npxsy/m/n/10 
 []

[11]
Package hyperref Info: bookmark level for unknown algorithm defaults to 0 on input line 437.
Requested font "rm-lmb10" at 10.0pt
 -> g:/texlive/2023/texmf-dist/fonts/tfm/public/lm/rm-lmb10.tfm
Requested font "rm-lmb10" at 7.3pt
 -> g:/texlive/2023/texmf-dist/fonts/tfm/public/lm/rm-lmb10.tfm
Requested font "rm-lmb10" at 5.5pt
 -> g:/texlive/2023/texmf-dist/fonts/tfm/public/lm/rm-lmb10.tfm
 [12]
File: pictures/q5_3_2b.eps Graphic file (type eps)
<pictures/q5_3_2b.eps>
 [13] [14] [15] 
enddocument/afterlastpage: lastpage setting LastPage.
(./lab_report.aux)

LaTeX Font Warning: Some font shapes were not available, defaults substituted.

Package rerunfilecheck Info: File `lab_report.out' has not changed.
(rerunfilecheck)             Checksum: D41D8CD98F00B204E9800998ECF8427E;0.
 ) 
Here is how much of TeX's memory you used:
 20533 strings out of 478630
 391602 string characters out of 5846970
 2065012 words of memory out of 5000000
 40275 multiletter control sequences out of 15000+600000
 560910 words of font info for 124 fonts, out of 8000000 for 9000
 36 hyphenation exceptions out of 8191
 102i,15n,105p,536b,1661s stack positions out of 10000i,1000n,20000p,200000b,200000s

Output written on lab_report.pdf (15 pages).
