This is XeTeX, Version 3.141592653-2.6-0.999995 (TeX Live 2023) (preloaded format=xelatex 2023.10.3)  11 OCT 2023 11:12
entering extended mode
 restricted \write18 enabled.
 file:line:error style messages enabled.
 %&-line parsing enabled.
**"12110405 陈哲葳 DSP Lab2 Report"
(./12110405 陈哲葳 DSP Lab2 Report.tex
LaTeX2e <2022-11-01> patch level 1
L3 programming layer <2023-02-22> (g:/texlive/2023/texmf-dist/tex/latex/ieeetran/IEEEtran.cls
Document Class: IEEEtran 2015/08/26 V1.8b by Michael Shell
-- See the "IEEEtran_HOWTO" manual for usage information.
-- http://www.michaelshell.org/tex/ieeetran/
\@IEEEtrantmpdimenA=\dimen140
\@IEEEtrantmpdimenB=\dimen141
\@IEEEtrantmpdimenC=\dimen142
\@IEEEtrantmpcountA=\count181
\@IEEEtrantmpcountB=\count182
\@IEEEtrantmpcountC=\count183
\@IEEEtrantmptoksA=\toks16
LaTeX Font Info:    Trying to load font information for TU+ptm on input line 503.
LaTeX Font Info:    No file TUptm.fd. on input line 503.

LaTeX Font Warning: Font shape `TU/ptm/m/n' undefined
(Font)              using `TU/lmr/m/n' instead on input line 503.

-- Using 8.5in x 11in (letter) paper.
-- Using DVI output.
\@IEEEnormalsizeunitybaselineskip=\dimen143
-- This is a 10 point document.
\CLASSINFOnormalsizebaselineskip=\dimen144
\CLASSINFOnormalsizeunitybaselineskip=\dimen145
\IEEEnormaljot=\dimen146

LaTeX Font Warning: Font shape `TU/ptm/bx/n' undefined
(Font)              using `TU/ptm/m/n' instead on input line 1090.


LaTeX Font Warning: Font shape `TU/ptm/m/it' undefined
(Font)              using `TU/ptm/m/n' instead on input line 1090.


LaTeX Font Warning: Font shape `TU/ptm/bx/it' undefined
(Font)              using `TU/ptm/bx/n' instead on input line 1090.

\IEEEquantizedlength=\dimen147
\IEEEquantizedlengthdiff=\dimen148
\IEEEquantizedtextheightdiff=\dimen149
\IEEEilabelindentA=\dimen150
\IEEEilabelindentB=\dimen151
\IEEEilabelindent=\dimen152
\IEEEelabelindent=\dimen153
\IEEEdlabelindent=\dimen154
\IEEElabelindent=\dimen155
\IEEEiednormlabelsep=\dimen156
\IEEEiedmathlabelsep=\dimen157
\IEEEiedtopsep=\skip48
\c@section=\count184
\c@subsection=\count185
\c@subsubsection=\count186
\c@paragraph=\count187
\c@IEEEsubequation=\count188
\abovecaptionskip=\skip49
\belowcaptionskip=\skip50
\c@figure=\count189
\c@table=\count190
\@IEEEeqnnumcols=\count191
\@IEEEeqncolcnt=\count192
\@IEEEsubeqnnumrollback=\count193
\@IEEEquantizeheightA=\dimen158
\@IEEEquantizeheightB=\dimen159
\@IEEEquantizeheightC=\dimen160
\@IEEEquantizeprevdepth=\dimen161
\@IEEEquantizemultiple=\count194
\@IEEEquantizeboxA=\box51
\@IEEEtmpitemindent=\dimen162
\IEEEPARstartletwidth=\dimen163
\c@IEEEbiography=\count195
\@IEEEtranrubishbin=\box52
) (g:/texlive/2023/texmf-dist/tex/latex/lipsum/lipsum.sty (g:/texlive/2023/texmf-dist/tex/latex/l3packages/l3keys2e/l3keys2e.sty (g:/texlive/2023/texmf-dist/tex/latex/l3kernel/expl3.sty
Package: expl3 2023-02-22 L3 programming layer (loader) 
 (g:/texlive/2023/texmf-dist/tex/latex/l3backend/l3backend-xetex.def
File: l3backend-xetex.def 2023-01-16 L3 backend support: XeTeX
\g__graphics_track_int=\count196
\l__pdf_internal_box=\box53
\g__pdf_backend_object_int=\count197
\g__pdf_backend_annotation_int=\count198
\g__pdf_backend_link_int=\count199
))
Package: l3keys2e 2023-02-02 LaTeX2e option processing using LaTeX3 keys
)
Package: lipsum 2021-09-20 v2.7 150 paragraphs of Lorem Ipsum dummy text
\g__lipsum_par_int=\count266
\l__lipsum_a_int=\count267
\l__lipsum_b_int=\count268
 (g:/texlive/2023/texmf-dist/tex/latex/lipsum/lipsum.ltd.tex)) (g:/texlive/2023/texmf-dist/tex/latex/float/float.sty
Package: float 2001/11/08 v1.3d Float enhancements (AL)
\c@float@type=\count269
\float@exts=\toks17
\float@box=\box54
\@float@everytoks=\toks18
\@floatcapt=\box55
) (g:/texlive/2023/texmf-dist/tex/latex/graphics/graphicx.sty
Package: graphicx 2021/09/16 v1.2d Enhanced LaTeX Graphics (DPC,SPQR)
 (g:/texlive/2023/texmf-dist/tex/latex/graphics/keyval.sty
Package: keyval 2022/05/29 v1.15 key=value parser (DPC)
\KV@toks@=\toks19
) (g:/texlive/2023/texmf-dist/tex/latex/graphics/graphics.sty
Package: graphics 2022/03/10 v1.4e Standard LaTeX Graphics (DPC,SPQR)
 (g:/texlive/2023/texmf-dist/tex/latex/graphics/trig.sty
Package: trig 2021/08/11 v1.11 sin cos tan (DPC)
) (g:/texlive/2023/texmf-dist/tex/latex/graphics-cfg/graphics.cfg
File: graphics.cfg 2016/06/04 v1.11 sample graphics configuration
)
Package graphics Info: Driver file: dvips.def on input line 107.
 (g:/texlive/2023/texmf-dist/tex/latex/graphics-def/dvips.def
File: dvips.def 2022/09/22 v3.1e Graphics/color driver for dvips
))
\Gin@req@height=\dimen164
\Gin@req@width=\dimen165
) (g:/texlive/2023/texmf-dist/tex/latex/url/url.sty
\Urlmuskip=\muskip16
Package: url 2013/09/16  ver 3.4  Verb mode for urls, etc.
) (g:/texlive/2023/texmf-dist/tex/latex/pdfpages/pdfpages.sty
Package: pdfpages 2022/12/19 v0.5x Insert pages of external PDF documents (AM)
 (g:/texlive/2023/texmf-dist/tex/latex/base/ifthen.sty
Package: ifthen 2022/04/13 v1.1d Standard LaTeX ifthen package (DPC)
) (g:/texlive/2023/texmf-dist/tex/latex/tools/calc.sty
Package: calc 2017/05/25 v4.3 Infix arithmetic (KKT,FJ)
\calc@Acount=\count270
\calc@Bcount=\count271
\calc@Adimen=\dimen166
\calc@Bdimen=\dimen167
\calc@Askip=\skip51
\calc@Bskip=\skip52
LaTeX Info: Redefining \setlength on input line 80.
LaTeX Info: Redefining \addtolength on input line 81.
\calc@Ccount=\count272
\calc@Cskip=\skip53
) (g:/texlive/2023/texmf-dist/tex/latex/eso-pic/eso-pic.sty
Package: eso-pic 2020/10/14 v3.0a eso-pic (RN)
\ESO@tempdima=\dimen168
\ESO@tempdimb=\dimen169
 (g:/texlive/2023/texmf-dist/tex/latex/xcolor/xcolor.sty
Package: xcolor 2022/06/12 v2.14 LaTeX color extensions (UK)
 (g:/texlive/2023/texmf-dist/tex/latex/graphics-cfg/color.cfg
File: color.cfg 2016/01/02 v1.6 sample color configuration
)
Package xcolor Info: Driver file: xetex.def on input line 227.
 (g:/texlive/2023/texmf-dist/tex/latex/graphics-def/xetex.def
File: xetex.def 2022/09/22 v5.0n Graphics/color driver for xetex
) (g:/texlive/2023/texmf-dist/tex/latex/graphics/mathcolor.ltx)
Package xcolor Info: Model `cmy' substituted by `cmy0' on input line 1353.
Package xcolor Info: Model `RGB' extended on input line 1369.
Package xcolor Info: Model `HTML' substituted by `rgb' on input line 1371.
Package xcolor Info: Model `Hsb' substituted by `hsb' on input line 1372.
Package xcolor Info: Model `tHsb' substituted by `hsb' on input line 1373.
Package xcolor Info: Model `HSB' substituted by `hsb' on input line 1374.
Package xcolor Info: Model `Gray' substituted by `gray' on input line 1375.
Package xcolor Info: Model `wave' substituted by `hsb' on input line 1376.
))
\AM@pagewidth=\dimen170
\AM@pageheight=\dimen171
\AM@fboxrule=\dimen172
 (g:/texlive/2023/texmf-dist/tex/latex/pdfpages/ppxetex.def
File: ppxetex.def 2022/12/19 v0.5x Pdfpages driver for XeTeX (AM)
)
\pdfpages@includegraphics@status=\count273
\AM@pagebox=\box56
\AM@global@opts=\toks20
\AM@pagecnt=\count274
\AM@toc@title=\toks21
\AM@lof@heading=\toks22
\c@AM@survey=\count275
\AM@templatesizebox=\box57
) (g:/texlive/2023/texmf-dist/tex/latex/wrapfig/wrapfig.sty
\wrapoverhang=\dimen173
\WF@size=\dimen174
\c@WF@wrappedlines=\count276
\WF@box=\box58
\WF@everypar=\toks23
Package: wrapfig 2003/01/31  v 3.6
) (g:/texlive/2023/texmf-dist/tex/latex/caption/caption.sty
Package: caption 2023/03/12 v3.6j Customizing captions (AR)
 (g:/texlive/2023/texmf-dist/tex/latex/caption/caption3.sty
Package: caption3 2023/03/12 v2.4 caption3 kernel (AR)
\caption@tempdima=\dimen175
\captionmargin=\dimen176
\caption@leftmargin=\dimen177
\caption@rightmargin=\dimen178
\caption@width=\dimen179
\caption@indent=\dimen180
\caption@parindent=\dimen181
\caption@hangindent=\dimen182
Package caption Info: Unknown document class (or package),
(caption)             standard defaults will be used.
Package caption Info: \@makecaption = \long macro:#1#2->\ifx \@captype \@IEEEtablestring \footnotesize \bgroup \par \centering \@IEEEtabletopskipstrut {\normalfont \footnotesize #1}\\{\normalfont \footnotesize \scshape #2}\par \addvspace {0.5\baselineskip }\egroup \@IEEEtablecaptionsepspace \else \@IEEEfigurecaptionsepspace \setbox \@tempboxa \hbox {\normalfont \footnotesize {#1.}\nobreakspace \nobreakspace #2}\ifdim \wd \@tempboxa >\hsize \setbox \@tempboxa \hbox {\normalfont \footnotesize {#1.}\nobreakspace \nobreakspace }\parbox [t]{\hsize }{\normalfont \footnotesize \noindent \unhbox \@tempboxa #2}\else \ifCLASSOPTIONconference \hbox to\hsize {\normalfont \footnotesize \hfil \box \@tempboxa \hfil }\else \hbox to\hsize {\normalfont \footnotesize \box \@tempboxa \hfil }\fi \fi \fi  on input line 1176.
)

Package caption Warning: Unknown document class (or package),
(caption)                standard defaults will be used.
See the caption package documentation for explanation.

\c@caption@flags=\count277
\c@continuedfloat=\count278
Package caption Info: float package is loaded.
Package caption Info: wrapfig package is loaded.
) (g:/texlive/2023/texmf-dist/tex/latex/amsmath/amsmath.sty
Package: amsmath 2022/04/08 v2.17n AMS math features
\@mathmargin=\skip54

For additional information on amsmath, use the `?' option.
(g:/texlive/2023/texmf-dist/tex/latex/amsmath/amstext.sty
Package: amstext 2021/08/26 v2.01 AMS text
 (g:/texlive/2023/texmf-dist/tex/latex/amsmath/amsgen.sty
File: amsgen.sty 1999/11/30 v2.0 generic functions
\@emptytoks=\toks24
\ex@=\dimen183
)) (g:/texlive/2023/texmf-dist/tex/latex/amsmath/amsbsy.sty
Package: amsbsy 1999/11/29 v1.2d Bold Symbols
\pmbraise@=\dimen184
) (g:/texlive/2023/texmf-dist/tex/latex/amsmath/amsopn.sty
Package: amsopn 2022/04/08 v2.04 operator names
)
\inf@bad=\count279
LaTeX Info: Redefining \frac on input line 234.
\uproot@=\count280
\leftroot@=\count281
LaTeX Info: Redefining \overline on input line 399.
LaTeX Info: Redefining \colon on input line 410.
\classnum@=\count282
\DOTSCASE@=\count283
LaTeX Info: Redefining \ldots on input line 496.
LaTeX Info: Redefining \dots on input line 499.
LaTeX Info: Redefining \cdots on input line 620.
\Mathstrutbox@=\box59
\strutbox@=\box60
LaTeX Info: Redefining \big on input line 722.
LaTeX Info: Redefining \Big on input line 723.
LaTeX Info: Redefining \bigg on input line 724.
LaTeX Info: Redefining \Bigg on input line 725.
\big@size=\dimen185
LaTeX Font Info:    Redeclaring font encoding OML on input line 743.
LaTeX Font Info:    Redeclaring font encoding OMS on input line 744.
\macc@depth=\count284
LaTeX Info: Redefining \bmod on input line 905.
LaTeX Info: Redefining \pmod on input line 910.
LaTeX Info: Redefining \smash on input line 940.
LaTeX Info: Redefining \relbar on input line 970.
LaTeX Info: Redefining \Relbar on input line 971.
\c@MaxMatrixCols=\count285
\dotsspace@=\muskip17
\c@parentequation=\count286
\dspbrk@lvl=\count287
\tag@help=\toks25
\row@=\count288
\column@=\count289
\maxfields@=\count290
\andhelp@=\toks26
\eqnshift@=\dimen186
\alignsep@=\dimen187
\tagshift@=\dimen188
\tagwidth@=\dimen189
\totwidth@=\dimen190
\lineht@=\dimen191
\@envbody=\toks27
\multlinegap=\skip55
\multlinetaggap=\skip56
\mathdisplay@stack=\toks28
LaTeX Info: Redefining \[ on input line 2953.
LaTeX Info: Redefining \] on input line 2954.
) (./12110405 陈哲葳 DSP Lab2 Report.aux

LaTeX Warning: Label `fig:S12' multiply defined.

)
\openout1 = `"12110405 陈哲葳 DSP Lab2 Report.aux"'.

LaTeX Font Info:    Checking defaults for OML/cmm/m/it on input line 17.
LaTeX Font Info:    ... okay on input line 17.
LaTeX Font Info:    Checking defaults for OMS/cmsy/m/n on input line 17.
LaTeX Font Info:    ... okay on input line 17.
LaTeX Font Info:    Checking defaults for OT1/cmr/m/n on input line 17.
LaTeX Font Info:    ... okay on input line 17.
LaTeX Font Info:    Checking defaults for T1/cmr/m/n on input line 17.
LaTeX Font Info:    ... okay on input line 17.
LaTeX Font Info:    Checking defaults for TS1/cmr/m/n on input line 17.
LaTeX Font Info:    Trying to load font information for TS1+cmr on input line 17.
 (g:/texlive/2023/texmf-dist/tex/latex/base/ts1cmr.fd
File: ts1cmr.fd 2022/07/10 v2.5l Standard LaTeX font definitions
)
LaTeX Font Info:    ... okay on input line 17.
LaTeX Font Info:    Checking defaults for TU/lmr/m/n on input line 17.
LaTeX Font Info:    ... okay on input line 17.
LaTeX Font Info:    Checking defaults for OMX/cmex/m/n on input line 17.
LaTeX Font Info:    ... okay on input line 17.
LaTeX Font Info:    Checking defaults for U/cmr/m/n on input line 17.
LaTeX Font Info:    ... okay on input line 17.


LaTeX Font Warning: Font shape `TU/ptm/b/n' undefined
(Font)              using `TU/ptm/bx/n' instead on input line 17.


LaTeX Font Warning: Font shape `TU/ptm/b/it' undefined
(Font)              using `TU/ptm/bx/it' instead on input line 17.


LaTeX Font Warning: Font shape `TU/ptm/b/n' undefined
(Font)              using `TU/ptm/bx/n' instead on input line 17.


LaTeX Font Warning: Font shape `TU/ptm/b/it' undefined
(Font)              using `TU/ptm/bx/it' instead on input line 17.


LaTeX Font Warning: Font shape `TU/ptm/b/n' undefined
(Font)              using `TU/ptm/bx/n' instead on input line 17.


LaTeX Font Warning: Font shape `TU/ptm/b/it' undefined
(Font)              using `TU/ptm/bx/it' instead on input line 17.


LaTeX Font Warning: Font shape `TU/ptm/b/n' undefined
(Font)              using `TU/ptm/bx/n' instead on input line 17.


LaTeX Font Warning: Font shape `TU/ptm/b/it' undefined
(Font)              using `TU/ptm/bx/it' instead on input line 17.


LaTeX Font Warning: Font shape `TU/ptm/b/n' undefined
(Font)              using `TU/ptm/bx/n' instead on input line 17.


LaTeX Font Warning: Font shape `TU/ptm/b/it' undefined
(Font)              using `TU/ptm/bx/it' instead on input line 17.


LaTeX Font Warning: Font shape `TU/ptm/b/n' undefined
(Font)              using `TU/ptm/bx/n' instead on input line 17.


LaTeX Font Warning: Font shape `TU/ptm/b/it' undefined
(Font)              using `TU/ptm/bx/it' instead on input line 17.


LaTeX Font Warning: Font shape `TU/ptm/b/n' undefined
(Font)              using `TU/ptm/bx/n' instead on input line 17.


LaTeX Font Warning: Font shape `TU/ptm/b/it' undefined
(Font)              using `TU/ptm/bx/it' instead on input line 17.


LaTeX Font Warning: Font shape `TU/ptm/b/n' undefined
(Font)              using `TU/ptm/bx/n' instead on input line 17.


LaTeX Font Warning: Font shape `TU/ptm/b/it' undefined
(Font)              using `TU/ptm/bx/it' instead on input line 17.


LaTeX Font Warning: Font shape `TU/ptm/b/n' undefined
(Font)              using `TU/ptm/bx/n' instead on input line 17.


LaTeX Font Warning: Font shape `TU/ptm/b/it' undefined
(Font)              using `TU/ptm/bx/it' instead on input line 17.


LaTeX Font Warning: Font shape `TU/ptm/b/n' undefined
(Font)              using `TU/ptm/bx/n' instead on input line 17.


LaTeX Font Warning: Font shape `TU/ptm/b/it' undefined
(Font)              using `TU/ptm/bx/it' instead on input line 17.

-- Lines per column: 58 (exact).
(g:/texlive/2023/texmf-dist/tex/latex/pdflscape/pdflscape.sty
Package: pdflscape 2022-10-27 v0.13 Display of landscape pages in PDF
 (g:/texlive/2023/texmf-dist/tex/latex/pdflscape/pdflscape-nometadata.sty
Package: pdflscape-nometadata 2022-10-28 v0.13 Display of landscape pages in PDF (HO)
 (g:/texlive/2023/texmf-dist/tex/generic/iftex/iftex.sty
Package: iftex 2022/02/03 v1.0f TeX engine tests
) (g:/texlive/2023/texmf-dist/tex/latex/graphics/lscape.sty
Package: lscape 2020/05/28 v3.02 Landscape Pages (DPC)
)
Package pdflscape Info: Auto-detected driver: dvipdfm (xetex) on input line 98.
))
Package caption Info: Begin \AtBeginDocument code.
Package caption Info: End \AtBeginDocument code.


LaTeX Font Warning: Font shape `TU/ptm/b/n' undefined
(Font)              using `TU/ptm/bx/n' instead on input line 29.


LaTeX Font Warning: Font shape `TU/ptm/b/n' undefined
(Font)              using `TU/ptm/bx/n' instead on input line 33.


LaTeX Font Warning: Font shape `TU/ptm/m/sc' undefined
(Font)              using `TU/ptm/m/n' instead on input line 42.


LaTeX Font Warning: Font shape `TU/ptm/b/n' undefined
(Font)              using `TU/ptm/bx/n' instead on input line 43.


Underfull \hbox (badness 1496) in paragraph at lines 55--56
\TU/ptm/m/sc/10 varying, causal/non-causal, memoryless/with memory,
 []

File: differ.png Graphic file (type bmp)
<differ.png>
File: integ.png Graphic file (type bmp)
<integ.png>

Overfull \hbox (6.0pt too wide) in paragraph at lines 94--95
 [][] 
 []

[1


]
Underfull \hbox (badness 2020) in paragraph at lines 110--111
[]$[]$ \TU/ptm/m/sc/10 =$ []\OT1/cmr/m/n/10 0\OML/cmm/m/it/10 :\OT1/cmr/m/n/10 8 \OMS/cmsy/m/n/10 ^^A [] \OT1/cmr/m/n/10 + 0\OML/cmm/m/it/10 :\OT1/cmr/m/n/10 2 \OMS/cmsy/m/n/10 ^^A
 []

File: 2.2.1.png Graphic file (type bmp)
<2.2.1.png>

Overfull \hbox (6.0pt too wide) in paragraph at lines 131--132
 [][] 
 []

File: 2.2.2.png Graphic file (type bmp)
<2.2.2.png>

Overfull \hbox (6.0pt too wide) in paragraph at lines 138--139
 [][] 
 []

File: 2.2.3.png Graphic file (type bmp)
<2.2.3.png>

Overfull \hbox (6.0pt too wide) in paragraph at lines 145--146
 [][] 
 []


Underfull \vbox (badness 10000) has occurred while \output is active []

File: 2.2.png Graphic file (type bmp)
<2.2.png>

Overfull \hbox (6.0pt too wide) in paragraph at lines 154--155
 [][] 
 []

File: 2.3.1.png Graphic file (type bmp)
<2.3.1.png>
[2]
File: 2.3.2.png Graphic file (type bmp)
<2.3.2.png>
File: 2.3.3.png Graphic file (type bmp)
<2.3.3.png>
File: 2.3.4.png Graphic file (type bmp)
<2.3.4.png>
File: differ.png Graphic file (type bmp)
<differ.png>

Overfull \hbox (6.0pt too wide) in paragraph at lines 230--231
 [][] 
 []

File: S2.png Graphic file (type bmp)
<S2.png>

Overfull \hbox (6.0pt too wide) in paragraph at lines 236--237
 [][] 
 []

File: S12.png Graphic file (type bmp)
<S12.png>

Overfull \hbox (6.0pt too wide) in paragraph at lines 242--243
 [][] 
 []

[3]
File: S21.png Graphic file (type bmp)
<S21.png>

Overfull \hbox (6.0pt too wide) in paragraph at lines 248--249
 [][] 
 []

File: S1S2.png Graphic file (type bmp)
<S1S2.png>

Overfull \hbox (6.0pt too wide) in paragraph at lines 254--255
 [][] 
 []

File: 2.4.2.png Graphic file (type bmp)
<2.4.2.png>

Overfull \hbox (6.0pt too wide) in paragraph at lines 263--264
 [][] 
 []


Underfull \vbox (badness 10000) has occurred while \output is active []

File: 2.4.3.png Graphic file (type bmp)
<2.4.3.png>

Overfull \hbox (6.0pt too wide) in paragraph at lines 270--271
 [][] 
 []

File: 2.5.1.png Graphic file (type bmp)
<2.5.1.png>

Overfull \hbox (6.0pt too wide) in paragraph at lines 290--291
 [][] 
 []

[4]
File: 2.5.2.png Graphic file (type bmp)
<2.5.2.png>

Overfull \hbox (6.0pt too wide) in paragraph at lines 297--298
 [][] 
 []

File: S3.png Graphic file (type bmp)
<S3.png>

Overfull \hbox (6.0pt too wide) in paragraph at lines 316--317
 [][] 
 []

File: 2.6.png Graphic file (type bmp)
<2.6.png>
File: 2.7.1.png Graphic file (type bmp)
<2.7.1.png>
File: 2.7.2.png Graphic file (type bmp)
<2.7.2.png>
File: 2.7.3.png Graphic file (type bmp)
<2.7.3.png>
[5]
File: 2.7.4.png Graphic file (type bmp)
<2.7.4.png>
File: 2.7.5.png Graphic file (type bmp)
<2.7.5.png>

Underfull \vbox (badness 3679) has occurred while \output is active []

File: 2.7.6.png Graphic file (type bmp)
<2.7.6.png>


LaTeX Font Warning: Font shape `TU/ptm/b/n' undefined
(Font)              using `TU/ptm/bx/n' instead on input line 375.

File: 2.8.png Graphic file (type bmp)
<2.8.png>

Overfull \hbox (6.0pt too wide) in paragraph at lines 386--387
 [][] 
 []

[6] [7] (./12110405 陈哲葳 DSP Lab2 Report.aux)

LaTeX Font Warning: Some font shapes were not available, defaults substituted.


LaTeX Warning: There were multiply-defined labels.

 ) 
Here is how much of TeX's memory you used:
 6156 strings out of 478630
 109984 string characters out of 5846970
 1865012 words of memory out of 5000000
 26193 multiletter control sequences out of 15000+600000
 512837 words of font info for 46 fonts, out of 8000000 for 9000
 39 hyphenation exceptions out of 8191
 72i,7n,77p,1351b,310s stack positions out of 10000i,1000n,20000p,200000b,200000s

Output written on 12110405 陈哲葳 DSP Lab2 Report.pdf (7 pages).
